ACPI Error: 32/64X address mismatch in Gpe0Block: 00008018/0000000000008028, using 32 (20090903/tbfadt-427)"
ACPI Error: 32/64X address mismatch in Gpe0Block: 00008020/0000000000008028, using 32 20090521 tbfadt-428"
ACPI Error: 32/64X address mismatch in Gpe0Block: 00008020/0000000000008028, using 32 (20090903/tbfadt-427)"
ACPI Error: 32/64X address mismatch in Gpe0Block: 0000F828/000000000001F030, using 32 20090521 tbfadt-428"
ACPI Error: 32/64X address mismatch in Pm2ControlBlock: 00008030/0000000000008020, using 32 (20090903/tbfadt-427)"
ACPI Error: 32/64X address mismatch in Pm2ControlBlock: 00008800/0000000000008100, using 32 20090521 tbfadt-428"
ACPI Error: 32/64X address mismatch in Pm2ControlBlock: 00008800/0000000000008100, using 32 (20090903/tbfadt-427)"
ACPI Error: ACPI path has too many parent prefixes (^) - reached beyond root node (20090903/nsaccess-429)"
ACPI Error: A valid RSDP was not found 20090521 tbxfroot-219"
ACPI Error: A valid RSDP was not found (20090903/tbxfroot-219)"
ACPI Error: Cannot release Mutex [MUT0], not acquired (20090903/exmutex-374)"
ACPI Error: Could not disable RealTimeClock events 20090521 evxfevnt-373"
ACPI Error: Could not enable PowerButton event 20090521 evxfevnt-193"
ACPI Error: Could not enable PowerButton event (20090903/evxfevnt-193)"
ACPI Error: Could not enable SleepButton event 20090521 evxfevnt-193"
ACPI Error: Could not enable SleepButton event (20090903/evxfevnt-193)"
ACPI Error: Current brightness invalid 20090521 video-538"
ACPI Error (dsfield-0139): [CAPB] Namespace lookup failure, AE_ALREADY_EXISTS"
ACPI Error (dsfield-0140): [CAPB] Namespace lookup failure, AE_ALREADY_EXISTS"
ACPI Error (dsfield-0140): [CAPD] Namespace lookup failure, AE_ALREADY_EXISTS"
ACPI Error (dsfield-0143): [CAPB] Namespace lookup failure, AE_ALREADY_EXISTS"
ACPI Error (dsfield-0143): [CAPD] Namespace lookup failure, AE_ALREADY_EXISTS"
ACPI Error (dsobject-0501): Package List length (5) larger than NumElements count (3), truncated"
ACPI Error (dsopcode-0595): Field [ASSM] at 524320 exceeds Buffer [BUF0] size 880 (bits) [20080926]"
ACPI Error (dsopcode-0595): Field [I9MN] at 544 exceeds Buffer [IORT] size 464 (bits) [20080609]"
ACPI Error (dsopcode-0595): Field [I9MN] at 544 exceeds Buffer [IORT] size 464 (bits) [20080926]"
ACPI Error (dswload-0190): [\_PR_.CPU0] Namespace lookup failure, AE_NOT_FOUND"
ACPI Error (dswload-0659): [DD02] Namespace lookup failure, AE_NOT_FOUND"
ACPI Error (dswload-0659): [EHC1] Namespace lookup failure, AE_NOT_FOUND"
ACPI Error (dswload-0659): [\___P] Namespace lookup failure, AE_NOT_FOUND"
ACPI Error (dswload-0659): [USB0] Namespace lookup failure, AE_NOT_FOUND"
ACPI Error (dswload-0673): [\___p] Namespace lookup failure, AE_NOT_FOUND"
ACPI Error (dswload-0674): [\___p] Namespace lookup failure, AE_NOT_FOUND"
ACPI Error (dswload-0781): [PRID] Namespace lookup failure, AE_ALREADY_EXISTS"
ACPI Error (dswload-0781): [_PSW] Namespace lookup failure, AE_ALREADY_EXISTS"
ACPI Error (dswload-0781): [_T_0] Namespace lookup failure, AE_ALREADY_EXISTS"
ACPI Error (dswload-0790): [_T_0] Namespace lookup failure, AE_ALREADY_EXISTS"
ACPI Error (dswstate-0097): Result stack is empty! State=ffff8800378ba400 [20080926]"
ACPI Error (dswstate-0097): Result stack is empty! State=ffff8800378ba800 [20080926]"
ACPI Error: Evaluating _BCM failed 20090521 video-526"
ACPI Error (evregion-0315): No handler for Region [ERAM] (ffff88013f819ee8) [EmbeddedControl] [20080926]"
ACPI Error (evxfevnt-0193): Could not enable SleepButton event [20090320]"
ACPI Error (evxfevnt-0366): Could not disable RealTimeClock events [20080926]"
ACPI Error (exfldio-0291): Region EmbeddedControl(3) has no handler [20080926]"
ACPI Error: Field [ASSM] at 524320 exceeds Buffer [BUF0] size 880 (bits) 20090521 dsopcode-596"
ACPI Error: Field [ASSM] at 524320 exceeds Buffer [BUF0] size 880 (bits) (20090903/dsopcode-596)"
ACPI Error: Field [I9MN] at 544 exceeds Buffer [IORT] size 464 (bits) (20090903/dsopcode-596)"
ACPI Error: Illegal I/O port address/length above 64K: 0x0000000000400020/4 20090521 hwvalid-154"
ACPI Error: Incorrect return type [Integer] requested [Package] 20090521 nsxfeval-134"
ACPI Error: Needed [Buffer/String/Package], found [Integer] f7257c08 (20090903/exresop-590)"
ACPI Error: Needed type [Reference], found [Device] f700ef90 20090521 exresop-104"
ACPI Error: Needed type [Reference], found [Device] f700ff90 20090521 exresop-104"
ACPI Error: Needed type [Reference], found [Device] f700ff90 (20090903/exresop-104)"
ACPI Error: Needed type [Reference], found [Device] f7012f90 (20090903/exresop-104)"
ACPI Error: Needed type [Reference], found [Device] ffff8800379a6800 (20090903/exresop-104)"
ACPI Error: Needed type [Reference], found [Device] ffff8800379a7800 (20090903/exresop-104)"
ACPI Error: Needed type [Reference], found [Device] ffff880075927800 (20090903/exresop-104)"
ACPI Error: Needed type [Reference], found [Device] ffff880075928800 20090521 exresop-104"
ACPI Error: Needed type [Reference], found [Device] ffff88014b82d800 (20090903/exresop-104)"
ACPI Error: No handler for Region [ECF2] (ffff88013ba313a8) [EmbeddedControl] (20090903/evregion-319)"
ACPI Error: No handler for Region [ERAM] (f70124d8) [EmbeddedControl] 20090521 evregion-319"
ACPI Error: No handler for Region [ERAM] (f7016938) [EmbeddedControl] 20090521 evregion-319"
ACPI Error: No handler for Region [ERAM] (ffff88007592bd80) [EmbeddedControl] 20090521 evregion-319"
ACPI Error: No handler for Region [ERAM] (ffff88007cf2dea0) [EmbeddedControl] 20090521 evregion-319"
ACPI Error: No handler for Region [ERAM] (ffff88007d32bf78) [EmbeddedControl] (20090903/evregion-319)"
ACPI Error: No handler for Region [ERAM] (ffff88007db2ad80) [EmbeddedControl] (20090903/evregion-319)"
ACPI Error: No handler for Region [ERAM] (ffff88011b82fd80) [EmbeddedControl] 20090521 evregion-319"
ACPI Error: No handler for Region [ERAM] (ffff880133e3e798) [EmbeddedControl] (20090903/evregion-319)"
ACPI Error: No handler for Region [PCFG] (f704b118) [PCI_Config] (20090903/evregion-319)"
ACPI Error: No handler for Region [PCFG] (ffff880137a733f0) [PCI_Config] (20090903/evregion-319)"
ACPI Error: No handler for Region [PCFG] (ffff88013ba6ff78) [PCI_Config] (20090903/evregion-319)"
ACPI Error: No handler for Region [PCFG] (ffff8801b907a3f0) [PCI_Config] (20090903/evregion-319)"
ACPI Error: No handler for Region [SACS] (f701b500) [PCI_Config] (20090903/evregion-319)"
ACPI Error: No handler for Region [SACS] (f70c52a8) [PCI_Config] (20090903/evregion-319)"
ACPI Error: No handler for Region [SACS] (ffff88006df3f7e0) [PCI_Config] (20090903/evregion-319)"
ACPI Error: No handler for Region [SACS] (ffff88012bb0f1f8) [PCI_Config] (20090903/evregion-319)"
ACPI Error (nsaccess-0434): ACPI path has too many parent prefixes (^) - reached beyond root node [20080926]"
ACPI Error (nspredef-0163): \_SB_.PCI0.FNC2.PRT0._GTF: Missing expected return value [20080926]"
ACPI Error (nspredef-0163): \_SB_.PCI0.FNC2.PRT1._GTF: Missing expected return value [20080926]"
ACPI Error (psargs-0358): [CDW1] Namespace lookup failure, AE_NOT_FOUND"
ACPI Error (psargs-0359): [CDW1] Namespace lookup failure, AE_NOT_FOUND"
ACPI Error (psargs-0359): [ECEN] Namespace lookup failure, AE_NOT_FOUND"
ACPI Error (psargs-0359): [FZHD] Namespace lookup failure, AE_NOT_FOUND"
ACPI Error (psargs-0359): [GTF0] Namespace lookup failure, AE_NOT_FOUND"
ACPI Error (psargs-0359): [GTF1] Namespace lookup failure, AE_NOT_FOUND"
ACPI Error (psargs-0359): [HPTF] Namespace lookup failure, AE_NOT_FOUND"
ACPI Error (psargs-0359): [MPEN] Namespace lookup failure, AE_NOT_FOUND"
ACPI Error (psargs-0359): [OSYS] Namespace lookup failure, AE_NOT_FOUND"
ACPI Error (psargs-0359): [PDSX] Namespace lookup failure, AE_NOT_FOUND"
ACPI Error (psargs-0359): [\_PR_.CPU0._PPC] Namespace lookup failure, AE_NOT_FOUND"
ACPI Error (psargs-0359): [\_SB_.PCI0.LPCB.EC0_.HBTN] Namespace lookup failure, AE_NOT_FOUND"
ACPI Error (psargs-0359): [\_SB_.PHSR] Namespace lookup failure, AE_NOT_FOUND"
ACPI Error (psargs-0359): [SMS_] Namespace lookup failure, AE_NOT_FOUND"
ACPI Error (psargs-0359): [SUPP] Namespace lookup failure, AE_NOT_FOUND"
ACPI Error (psargs-0359): [_T_0] Namespace lookup failure, AE_NOT_FOUND"
ACPI Error (psargs-0359): [TPOS] Namespace lookup failure, AE_NOT_FOUND"
ACPI Error (psargs-0359): [URES] Namespace lookup failure, AE_NOT_FOUND"
ACPI Error (psargs-0359): [Z012] Namespace lookup failure, AE_NOT_FOUND"
ACPI Error (psloop-0136): Found unknown opcode 26 at AML address ffff88003785663a offset 56, ignoring [20080926]"
ACPI Error (psparse-0524): Method parse/execution failed [\_PR_.CPU0._PSS] (Node ffff88007f26eee0), AE_AML_NO_RETURN_VALUE"
ACPI Error (psparse-0524): Method parse/execution failed [\_PR_.CPU1._OSC] (Node f6c10198), AE_ALREADY_EXISTS"
ACPI Error (psparse-0524): Method parse/execution failed [\_PR_.CPU1._PDC] (Node f6c10180), AE_ALREADY_EXISTS"
ACPI Error (psparse-0524): Method parse/execution failed [\_PR_.CPU1._PDC] (Node f6c11150), AE_INVALID_TABLE_LENGTH"
ACPI Error (psparse-0524): Method parse/execution failed [\_PR_.CPU1._PDC] (Node ffff88022f819f00), AE_ALREADY_EXISTS"
ACPI Error (psparse-0524): Method parse/execution failed [\_PR_.CPU1._PSS] (Node ffff88007f26efa0), AE_AML_NO_RETURN_VALUE"
ACPI Error (psparse-0524): Method parse/execution failed [\_PR_.CPU2._OSC] (Node f6c10270), AE_ALREADY_EXISTS"
ACPI Error (psparse-0524): Method parse/execution failed [\_PR_.CPU2._PDC] (Node f6c10258), AE_ALREADY_EXISTS"
ACPI Error (psparse-0524): Method parse/execution failed [\_PR_.CPU2._PDC] (Node f6c111e0), AE_INVALID_TABLE_LENGTH"
ACPI Error (psparse-0524): Method parse/execution failed [\_SB_.MEM_._CRS] (Node f6c1b0a8), AE_AML_BUFFER_LIMIT"
ACPI Error (psparse-0524): Method parse/execution failed [\_SB_.PCI0._INI] (Node db02d630), AE_NOT_FOUND"
ACPI Error (psparse-0524): Method parse/execution failed [\_SB_.PCI0.LPC0.PMIO._CRS] (Node f6c15900), AE_AML_BUFFER_LIMIT"
ACPI Error (psparse-0524): Method parse/execution failed [\_SB_.PCI0.LPC0.PMIO._CRS] (Node ffff88007f017980), AE_AML_BUFFER_LIMIT"
ACPI Error (psparse-0524): Method parse/execution failed [\_SB_.PCI0.LPC0.PMIO._CRS] (Node ffff88007f817980), AE_AML_BUFFER_LIMIT"
ACPI Error (psparse-0524): Method parse/execution failed [\_SB_.PCI0.LPCB.EC0_._REG] (Node ffff88013f81a260), AE_NOT_EXIST"
ACPI Error (psparse-0524): Method parse/execution failed [\_SB_.PCI0._OSC] (Node de813cc0), AE_ALREADY_EXISTS"
ACPI Error (psparse-0524): Method parse/execution failed [\_SB_.PCI0._OSC] (Node de814cc0), AE_ALREADY_EXISTS"
ACPI Error (psparse-0524): Method parse/execution failed [\_SB_.PCI0._OSC] (Node f6c10d38), AE_ALREADY_EXISTS"
ACPI Error (psparse-0524): Method parse/execution failed [\_SB_.PCI0._OSC] (Node f6c14cc0), AE_ALREADY_EXISTS"
ACPI Error (psparse-0524): Method parse/execution failed [\_SB_.PCI0._OSC] (Node f6c15cc0), AE_ALREADY_EXISTS"
ACPI Error (psparse-0524): Method parse/execution failed [\_SB_.PCI0._OSC] (Node f6c15dc8), AE_ALREADY_EXISTS"
ACPI Error (psparse-0524): Method parse/execution failed [\_SB_.PCI0._OSC] (Node ffff8800bf017360), AE_NOT_FOUND"
ACPI Error (psparse-0524): Method parse/execution failed [\_SB_.PCI0._OSC] (Node ffff88013f814b80), AE_NOT_FOUND"
ACPI Error (psparse-0524): Method parse/execution failed [\_SB_.PCI0._OSC] (Node ffff88013f814e40), AE_NOT_FOUND"
ACPI Error (psparse-0530): Method parse/execution failed [\_SB_.PCI0.LPC0.PMIO._CRS] (Node ffff880135a32980), AE_AML_BUFFER_LIMIT"
ACPI Error (psparse-0537): Method parse/execution failed [\CPUT] (Node f7017600), AE_NOT_FOUND"
ACPI Error (psparse-0537): Method parse/execution failed [\CPUT] (Node f701c150), AE_NOT_FOUND"
ACPI Error (psparse-0537): Method parse/execution failed [\CPUT] (Node ffff88013384e6e0), AE_NOT_FOUND"
ACPI Error (psparse-0537): Method parse/execution failed [\CPUT] (Node ffff880137a4e840), AE_NOT_FOUND"
ACPI Error (psparse-0537): Method parse/execution failed [\CPUT] (Node ffff88013ba4e100), AE_NOT_FOUND"
ACPI Error (psparse-0537): Method parse/execution failed [\CPUT] (Node ffff88013ba4f480), AE_NOT_FOUND"
ACPI Error (psparse-0537): Method parse/execution failed [\CPUT] (Node ffff8801b9059860), AE_NOT_FOUND"
ACPI Error (psparse-0537): Method parse/execution failed [\CPUT] (Node ffff880237056be0), AE_NOT_FOUND"
ACPI Error (psparse-0537): Method parse/execution failed [\CPUT] (Node ffff8802370570c0), AE_NOT_FOUND"
ACPI Error (psparse-0537): Method parse/execution failed [\EV4_] (Node f701b210), AE_NOT_FOUND"
ACPI Error (psparse-0537): Method parse/execution failed [\EV4_] (Node ffff880227059000), AE_NOT_FOUND"
ACPI Error (psparse-0537): Method parse/execution failed [\_GPE._L02] (Node ffff88007cf2a9c0), AE_NOT_EXIST"
ACPI Error (psparse-0537): Method parse/execution failed [\_GPE._L02] (Node ffff88007d3289c0), AE_NOT_EXIST"
ACPI Error (psparse-0537): Method parse/execution failed [\_GPE._L02] (Node ffff88013ba32120), AE_NOT_EXIST"
ACPI Error (psparse-0537): Method parse/execution failed [\_GPE._L09] (Node ffff88003b5a7520), AE_LIMIT"
ACPI Error (psparse-0537): Method parse/execution failed [\J380._STA] (Node f701cba0), AE_NOT_EXIST"
ACPI Error (psparse-0537): Method parse/execution failed [\J380._STA] (Node ffff88013710c380), AE_NOT_EXIST"
ACPI Error (psparse-0537): Method parse/execution failed [\J380._STA] (Node ffff88013712b380), AE_NOT_EXIST"
ACPI Error (psparse-0537): Method parse/execution failed [\J380._STA] (Node ffff88013bb3fa80), AE_NOT_EXIST"
ACPI Error (psparse-0537): Method parse/execution failed [\J380._STA] (Node ffff8801b916e720), AE_NOT_EXIST"
ACPI Error (psparse-0537): Method parse/execution failed [\NEVT] (Node f702e9d8), AE_NOT_FOUND"
ACPI Error (psparse-0537): Method parse/execution failed [\NEVT] (Node ffff880227052160), AE_NOT_FOUND"
ACPI Error (psparse-0537): Method parse/execution failed [\] (Node c08cc7dc), AE_NOT_FOUND"
ACPI Error (psparse-0537): Method parse/execution failed [\] (Node c08ce7dc), AE_ALREADY_EXISTS"
ACPI Error (psparse-0537): Method parse/execution failed [\] (Node c08ce7dc), AE_NOT_FOUND"
ACPI Error (psparse-0537): Method parse/execution failed [\] (Node c090665c), AE_NOT_FOUND"
ACPI Error (psparse-0537): Method parse/execution failed [\] (Node c091bffc), AE_ALREADY_EXISTS"
ACPI Error (psparse-0537): Method parse/execution failed [\] (Node c091bffc), AE_NOT_FOUND"
ACPI Error (psparse-0537): Method parse/execution failed [\] (Node c091f65c), AE_NOT_FOUND"
ACPI Error (psparse-0537): Method parse/execution failed [\] (Node ffffffff81a06440), AE_NOT_FOUND"
ACPI Error (psparse-0537): Method parse/execution failed [\] (Node ffffffff81a08440), AE_ALREADY_EXISTS"
ACPI Error (psparse-0537): Method parse/execution failed [\] (Node ffffffff81a08440), AE_NOT_FOUND"
ACPI Error (psparse-0537): Method parse/execution failed [\] (Node ffffffff81a4d180), AE_NOT_FOUND"
ACPI Error (psparse-0537): Method parse/execution failed [\P8XH] (Node ffff88013ba28020), AE_NOT_EXIST"
ACPI Error (psparse-0537): Method parse/execution failed [\_PR_.CPU1._PDC] (Node f700e150), AE_INVALID_TABLE_LENGTH"
ACPI Error (psparse-0537): Method parse/execution failed [\_PR_.CPU1._PDC] (Node f7015930), AE_ALREADY_EXISTS"
ACPI Error (psparse-0537): Method parse/execution failed [\_PR_.CPU1._PDC] (Node ffff88012ba49180), AE_ALREADY_EXISTS"
ACPI Error (psparse-0537): Method parse/execution failed [\_PR_.CPU1._PDC] (Node ffff88013ba3ffa0), AE_ALREADY_EXISTS"
ACPI Error (psparse-0537): Method parse/execution failed [\_PR_.CPU2._PDC] (Node ef80d1e0), AE_INVALID_TABLE_LENGTH"
ACPI Error (psparse-0537): Method parse/execution failed [\PRID.P_D0._STA] (Node f701ba38), AE_NOT_EXIST"
ACPI Error (psparse-0537): Method parse/execution failed [\PRID.P_D0._STA] (Node f7072000), AE_NOT_EXIST"
ACPI Error (psparse-0537): Method parse/execution failed [\PRID.P_D0._STA] (Node ffff88006df34f00), AE_NOT_EXIST"
ACPI Error (psparse-0537): Method parse/execution failed [\PRID.P_D0._STA] (Node ffff88012bb111a0), AE_NOT_EXIST"
ACPI Error (psparse-0537): Method parse/execution failed [\PRID.P_D1._STA] (Node f701baf8), AE_NOT_EXIST"
ACPI Error (psparse-0537): Method parse/execution failed [\PRID.P_D1._STA] (Node f70720a8), AE_NOT_EXIST"
ACPI Error (psparse-0537): Method parse/execution failed [\PRID.P_D1._STA] (Node ffff88006dfe3000), AE_NOT_EXIST"
ACPI Error (psparse-0537): Method parse/execution failed [\PRID.P_D1._STA] (Node ffff88012bb11280), AE_NOT_EXIST"
ACPI Error (psparse-0537): Method parse/execution failed [\_PR_.PPCE] (Node f702c7c8), AE_NOT_FOUND"
ACPI Error (psparse-0537): Method parse/execution failed [\_PR_.PPCE] (Node ffff88022704e960), AE_NOT_FOUND"
ACPI Error (psparse-0537): Method parse/execution failed [\PSSC] (Node f7017618), AE_NOT_FOUND"
ACPI Error (psparse-0537): Method parse/execution failed [\PSSC] (Node f701c168), AE_NOT_FOUND"
ACPI Error (psparse-0537): Method parse/execution failed [\PSSC] (Node ffff88013384e700), AE_NOT_FOUND"
ACPI Error (psparse-0537): Method parse/execution failed [\PSSC] (Node ffff880137a4e860), AE_NOT_FOUND"
ACPI Error (psparse-0537): Method parse/execution failed [\PSSC] (Node ffff88013ba4e120), AE_NOT_FOUND"
ACPI Error (psparse-0537): Method parse/execution failed [\PSSC] (Node ffff88013ba4f4a0), AE_NOT_FOUND"
ACPI Error (psparse-0537): Method parse/execution failed [\PSSC] (Node ffff8801b9059880), AE_NOT_FOUND"
ACPI Error (psparse-0537): Method parse/execution failed [\PSSC] (Node ffff880237056c00), AE_NOT_FOUND"
ACPI Error (psparse-0537): Method parse/execution failed [\PSSC] (Node ffff8802370570e0), AE_NOT_FOUND"
ACPI Error (psparse-0537): Method parse/execution failed [\_PSW] (Node f701f0a8), AE_NOT_FOUND"
ACPI Error (psparse-0537): Method parse/execution failed [\PXSX._STA] (Node ffff880133871ee0), AE_NOT_FOUND"
ACPI Error (psparse-0537): Method parse/execution failed [\_SB_.ADP0.ADJP] (Node ffff88013ba355c0), AE_NOT_FOUND"
ACPI Error (psparse-0537): Method parse/execution failed [\_SB_.ADP0.ADJP] (Node ffff88013ba3c5a0), AE_NOT_FOUND"
ACPI Error (psparse-0537): Method parse/execution failed [\_SB_.ADP0._PSR] (Node ffff88013ba35580), AE_NOT_FOUND"
ACPI Error (psparse-0537): Method parse/execution failed [\_SB_.ADP0._PSR] (Node ffff88013ba3c560), AE_NOT_FOUND"
ACPI Error (psparse-0537): Method parse/execution failed [\_SB_.BAT1._BIF] (Node f700ed38), AE_NOT_FOUND"
ACPI Error (psparse-0537): Method parse/execution failed [\_SB_.BAT1._BIF] (Node f700ee40), AE_NOT_FOUND"
ACPI Error (psparse-0537): Method parse/execution failed [\_SB_.BAT1._BIF] (Node f7010d38), AE_ALREADY_EXISTS"
ACPI Error (psparse-0537): Method parse/execution failed [\_SB_.BAT1.UBIF] (Node f700ed68), AE_ALREADY_EXISTS"
ACPI Error (psparse-0537): Method parse/execution failed [\_SB_.BAT1.UBIF] (Node f700ed68), AE_NOT_FOUND"
ACPI Error (psparse-0537): Method parse/execution failed [\_SB_.BAT1.UBIF] (Node f700ee70), AE_ALREADY_EXISTS"
ACPI Error (psparse-0537): Method parse/execution failed [\_SB_.BAT1.UBIF] (Node f700ee70), AE_NOT_FOUND"
ACPI Error (psparse-0537): Method parse/execution failed [\_SB_.BAT1.UBIF] (Node f7010d68), AE_ALREADY_EXISTS"
ACPI Error (psparse-0537): Method parse/execution failed [\_SB_.BAT1.UBIF] (Node f7010d68), AE_NOT_FOUND"
ACPI Error (psparse-0537): Method parse/execution failed [\_SB_.HTEV] (Node f700de58), AE_NOT_EXIST"
ACPI Error (psparse-0537): Method parse/execution failed [\_SB_.HTEV] (Node f700ee10), AE_NOT_EXIST"
ACPI Error (psparse-0537): Method parse/execution failed [\_SB_.HTEV] (Node ffff880075929600), AE_NOT_EXIST"
ACPI Error (psparse-0537): Method parse/execution failed [\_SB_.HTEV] (Node ffff88007db28600), AE_NOT_EXIST"
ACPI Error (psparse-0537): Method parse/execution failed [\_SB_.HTEV] (Node ffff88011b82d600), AE_NOT_EXIST"
ACPI Error (psparse-0537): Method parse/execution failed [\_SB_.MEM_._CRS] (Node f7017f60), AE_AML_BUFFER_LIMIT"
ACPI Error (psparse-0537): Method parse/execution failed [\_SB_.MEM_._CRS] (Node f7018f60), AE_AML_BUFFER_LIMIT"
ACPI Error (psparse-0537): Method parse/execution failed [\_SB_.MEM_._CRS] (Node ffff8800b4444e60), AE_AML_BUFFER_LIMIT"
ACPI Error (psparse-0537): Method parse/execution failed [\_SB_.MEM_._CRS] (Node ffff88013ba44cc0), AE_AML_BUFFER_LIMIT"
ACPI Error (psparse-0537): Method parse/execution failed [\_SB_._OSC] (Node f701a648), AE_NOT_FOUND"
ACPI Error (psparse-0537): Method parse/execution failed [\_SB_._OSC] (Node ffff88007f815ba0), AE_NOT_FOUND"
ACPI Error (psparse-0537): Method parse/execution failed [\_SB_._OSC] (Node ffff88122fc1ea00), AE_NOT_FOUND"
ACPI Error (psparse-0537): Method parse/execution failed [\_SB_.PCI0.ACAD._PSR] (Node f701aa98), AE_NOT_FOUND"
ACPI Error (psparse-0537): Method parse/execution failed [\_SB_.PCI0.ACAD._PSR] (Node ffff88013384d720), AE_NOT_FOUND"
ACPI Error (psparse-0537): Method parse/execution failed [\_SB_.PCI0.ACEL._STA] (Node f7019f18), AE_NOT_FOUND"
ACPI Error (psparse-0537): Method parse/execution failed [\_SB_.PCI0.BAT0._BST] (Node f7013f30), AE_TIME"
ACPI Error (psparse-0537): Method parse/execution failed [\_SB_.PCI0.CBST] (Node f7015000), AE_TIME"
ACPI Error (psparse-0537): Method parse/execution failed [\_SB_.PCI0.DOCK._STA] (Node ffff880133e48620), AE_NOT_EXIST"
ACPI Error (psparse-0537): Method parse/execution failed [\_SB_.PCI0.GFX0.DD02._BQC] (Node f7017a50), AE_AML_OPERAND_TYPE"
ACPI Error (psparse-0537): Method parse/execution failed [\_SB_.PCI0.GFX0.DD02.GBQC] (Node f7017a68), AE_AML_OPERAND_TYPE"
ACPI Error (psparse-0537): Method parse/execution failed [\_SB_.PCI0.HPET._CRS] (Node ffff88007db32220), AE_NOT_FOUND"
ACPI Error (psparse-0537): Method parse/execution failed [\_SB_.PCI0.HPET._CRS] (Node ffff88013ba40220), AE_NOT_FOUND"
ACPI Error (psparse-0537): Method parse/execution failed [\_SB_.PCI0.HPET._STA] (Node ffff88007db32200), AE_NOT_FOUND"
ACPI Error (psparse-0537): Method parse/execution failed [\_SB_.PCI0.HPET._STA] (Node ffff88013ba40200), AE_NOT_FOUND"
ACPI Error (psparse-0537): Method parse/execution failed [\_SB_.PCI0._INI] (Node db80e690), AE_NOT_FOUND"
ACPI Error (psparse-0537): Method parse/execution failed [\_SB_.PCI0._INI] (Node f700f6c0), AE_NOT_FOUND"
ACPI Error (psparse-0537): Method parse/execution failed [\_SB_.PCI0.LPC0.BAT1._BST] (Node f70141e0), AE_TIME"
ACPI Error (psparse-0537): Method parse/execution failed [\_SB_.PCI0.LPC0.EC0_._REG] (Node f7013be8), AE_NOT_EXIST"
ACPI Error (psparse-0537): Method parse/execution failed [\_SB_.PCI0.LPC0.EC0_._REG] (Node f7017d08), AE_NOT_EXIST"
ACPI Error (psparse-0537): Method parse/execution failed [\_SB_.PCI0.LPC0.EC0_._REG] (Node ffff88002f1b4aa0), AE_NOT_FOUND"
ACPI Error (psparse-0537): Method parse/execution failed [\_SB_.PCI0.LPC0.EC0_._REG] (Node ffff8800759319a0), AE_NOT_EXIST"
ACPI Error (psparse-0537): Method parse/execution failed [\_SB_.PCI0.LPC0.EC0_._REG] (Node ffff88007db309a0), AE_NOT_EXIST"
ACPI Error (psparse-0537): Method parse/execution failed [\_SB_.PCI0.LPC0.EC0_._REG] (Node ffff88011b8359a0), AE_NOT_EXIST"
ACPI Error (psparse-0537): Method parse/execution failed [\_SB_.PCI0.LPC0.PMIO._CRS] (Node f7015900), AE_AML_BUFFER_LIMIT"
ACPI Error (psparse-0537): Method parse/execution failed [\_SB_.PCI0.LPCB.EC0_._Q09] (Node f7017468), AE_ALREADY_EXISTS"
ACPI Error (psparse-0537): Method parse/execution failed [\_SB_.PCI0.LPCB.EC0_._Q09] (Node f70177b0), AE_ALREADY_EXISTS"
ACPI Error (psparse-0537): Method parse/execution failed [\_SB_.PCI0.LPCB.EC0_._Q09] (Node f7019468), AE_NOT_FOUND"
ACPI Error (psparse-0537): Method parse/execution failed [\_SB_.PCI0.LPCB.EC0_._REG] (Node f7012a50), AE_NOT_FOUND"
ACPI Error (psparse-0537): Method parse/execution failed [\_SB_.PCI0.LPCB.EC0_._REG] (Node f702f3c0), AE_NOT_FOUND"
ACPI Error (psparse-0537): Method parse/execution failed [\_SB_.PCI0.LPCB.EC0_._REG] (Node ffff88013383fbc0), AE_NOT_FOUND"
ACPI Error (psparse-0537): Method parse/execution failed [\_SB_.PCI0.LPCB.EC0_._REG] (Node ffff880137a3fd00), AE_NOT_FOUND"
ACPI Error (psparse-0537): Method parse/execution failed [\_SB_.PCI0.LPCB.EC0_._REG] (Node ffff88013ba3c700), AE_NOT_FOUND"
ACPI Error (psparse-0537): Method parse/execution failed [\_SB_.PCI0.LPCB.EC0_._REG] (Node ffff88013ba49700), AE_NOT_FOUND"
ACPI Error (psparse-0537): Method parse/execution failed [\_SB_.PCI0.LPCB.EC0_._REG] (Node ffff8801b903fd20), AE_NOT_FOUND"
ACPI Error (psparse-0537): Method parse/execution failed [\_SB_.PCI0.LPCB.EC0_._REG] (Node ffff88023703fa80), AE_NOT_FOUND"
ACPI Error (psparse-0537): Method parse/execution failed [\_SB_.PCI0.LPCB.EC0_._REG] (Node ffff880237048d20), AE_NOT_FOUND"
ACPI Error (psparse-0537): Method parse/execution failed [\_SB_.PCI0.LPCB.ECDV._Q66] (Node f702e690), AE_NOT_FOUND"
ACPI Error (psparse-0537): Method parse/execution failed [\_SB_.PCI0.LPCB.ECDV._Q66] (Node ffff880227050d00), AE_NOT_FOUND"
ACPI Error (psparse-0537): Method parse/execution failed [\_SB_.PCI0.LPCB.KBC0.SMWR] (Node ffff88007cf2ebc0), AE_NOT_EXIST"
ACPI Error (psparse-0537): Method parse/execution failed [\_SB_.PCI0.LPCB.KBC0.SMWR] (Node ffff88007d32c8c0), AE_NOT_EXIST"
ACPI Error (psparse-0537): Method parse/execution failed [\_SB_.PCI0.LPC_.EC0_._REG] (Node f70142b8), AE_NOT_FOUND"
ACPI Error (psparse-0537): Method parse/execution failed [\_SB_.PCI0._OSC] (Node db412378), AE_ALREADY_EXISTS"
ACPI Error (psparse-0537): Method parse/execution failed [\_SB_.PCI0._OSC] (Node de811cc0), AE_ALREADY_EXISTS"
ACPI Error (psparse-0537): Method parse/execution failed [\_SB_.PCI0._OSC] (Node de8151e0), AE_ALREADY_EXISTS"
ACPI Error (psparse-0537): Method parse/execution failed [\_SB_.PCI0._OSC] (Node dec11cc0), AE_ALREADY_EXISTS"
ACPI Error (psparse-0537): Method parse/execution failed [\_SB_.PCI0._OSC] (Node dec13ca8), AE_ALREADY_EXISTS"
ACPI Error (psparse-0537): Method parse/execution failed [\_SB_.PCI0._OSC] (Node f7010e88), AE_ALREADY_EXISTS"
ACPI Error (psparse-0537): Method parse/execution failed [\_SB_.PCI0._OSC] (Node f7011780), AE_NOT_FOUND"
ACPI Error (psparse-0537): Method parse/execution failed [\_SB_.PCI0._OSC] (Node f7011bd0), AE_ALREADY_EXISTS"
ACPI Error (psparse-0537): Method parse/execution failed [\_SB_.PCI0._OSC] (Node f70122a0), AE_ALREADY_EXISTS"
ACPI Error (psparse-0537): Method parse/execution failed [\_SB_.PCI0._OSC] (Node f70124f8), AE_NOT_FOUND"
ACPI Error (psparse-0537): Method parse/execution failed [\_SB_.PCI0._OSC] (Node f7012cc0), AE_ALREADY_EXISTS"
ACPI Error (psparse-0537): Method parse/execution failed [\_SB_.PCI0._OSC] (Node f7012dc8), AE_ALREADY_EXISTS"
ACPI Error (psparse-0537): Method parse/execution failed [\_SB_.PCI0._OSC] (Node f7012f00), AE_NOT_FOUND"
ACPI Error (psparse-0537): Method parse/execution failed [\_SB_.PCI0._OSC] (Node f7013330), AE_ALREADY_EXISTS"
ACPI Error (psparse-0537): Method parse/execution failed [\_SB_.PCI0._OSC] (Node f70137f8), AE_ALREADY_EXISTS"
ACPI Error (psparse-0537): Method parse/execution failed [\_SB_.PCI0._OSC] (Node f70140d8), AE_ALREADY_EXISTS"
ACPI Error (psparse-0537): Method parse/execution failed [\_SB_.PCI0._OSC] (Node f7014228), AE_NOT_FOUND"
ACPI Error (psparse-0537): Method parse/execution failed [\_SB_.PCI0._OSC] (Node f70142b8), AE_ALREADY_EXISTS"
ACPI Error (psparse-0537): Method parse/execution failed [\_SB_.PCI0._OSC] (Node f7014a50), AE_ALREADY_EXISTS"
ACPI Error (psparse-0537): Method parse/execution failed [\_SB_.PCI0._OSC] (Node f7014a68), AE_ALREADY_EXISTS"
ACPI Error (psparse-0537): Method parse/execution failed [\_SB_.PCI0._OSC] (Node f7014a80), AE_ALREADY_EXISTS"
ACPI Error (psparse-0537): Method parse/execution failed [\_SB_.PCI0._OSC] (Node f7014ca8), AE_ALREADY_EXISTS"
ACPI Error (psparse-0537): Method parse/execution failed [\_SB_.PCI0._OSC] (Node f70155b8), AE_ALREADY_EXISTS"
ACPI Error (psparse-0537): Method parse/execution failed [\_SB_.PCI0._OSC] (Node f7016a68), AE_ALREADY_EXISTS"
ACPI Error (psparse-0537): Method parse/execution failed [\_SB_.PCI0._OSC] (Node f7016d98), AE_AML_OPERAND_TYPE"
ACPI Error (psparse-0537): Method parse/execution failed [\_SB_.PCI0._OSC] (Node f7016dc8), AE_AML_OPERAND_TYPE"
ACPI Error (psparse-0537): Method parse/execution failed [\_SB_.PCI0._OSC] (Node f7017dc8), AE_AML_OPERAND_TYPE"
ACPI Error (psparse-0537): Method parse/execution failed [\_SB_.PCI0._OSC] (Node f7018dc8), AE_AML_OPERAND_TYPE"
ACPI Error (psparse-0537): Method parse/execution failed [\_SB_.PCI0._OSC] (Node f701adc8), AE_AML_OPERAND_TYPE"
ACPI Error (psparse-0537): Method parse/execution failed [\_SB_.PCI0._OSC] (Node f7413270), AE_NOT_FOUND"
ACPI Error (psparse-0537): Method parse/execution failed [\_SB_.PCI0._OSC] (Node f74141e0), AE_ALREADY_EXISTS"
ACPI Error (psparse-0537): Method parse/execution failed [\_SB_.PCI0._OSC] (Node ffff8800379bba80), AE_AML_OPERAND_TYPE"
ACPI Error (psparse-0537): Method parse/execution failed [\_SB_.PCI0._OSC] (Node ffff8800379bbaa0), AE_AML_OPERAND_TYPE"
ACPI Error (psparse-0537): Method parse/execution failed [\_SB_.PCI0._OSC] (Node ffff8800379bca80), AE_AML_OPERAND_TYPE"
ACPI Error (psparse-0537): Method parse/execution failed [\_SB_.PCI0._OSC] (Node ffff88007592ea80), AE_AML_OPERAND_TYPE"
ACPI Error (psparse-0537): Method parse/execution failed [\_SB_.PCI0._OSC] (Node ffff88007592eaa0), AE_AML_OPERAND_TYPE"
ACPI Error (psparse-0537): Method parse/execution failed [\_SB_.PCI0._OSC] (Node ffff88007592faa0), AE_AML_OPERAND_TYPE"
ACPI Error (psparse-0537): Method parse/execution failed [\_SB_.PCI0._OSC] (Node ffff88007bf2bf20), AE_ALREADY_EXISTS"
ACPI Error (psparse-0537): Method parse/execution failed [\_SB_.PCI0._OSC] (Node ffff88007d32abc0), AE_NOT_FOUND"
ACPI Error (psparse-0537): Method parse/execution failed [\_SB_.PCI0._OSC] (Node ffff88007d32ccc0), AE_ALREADY_EXISTS"
ACPI Error (psparse-0537): Method parse/execution failed [\_SB_.PCI0._OSC] (Node ffff8800bc62d3a0), AE_NOT_FOUND"
ACPI Error (psparse-0537): Method parse/execution failed [\_SB_.PCI0._OSC] (Node ffff88011ba2d200), AE_ALREADY_EXISTS"
ACPI Error (psparse-0537): Method parse/execution failed [\_SB_.PCI0._OSC] (Node ffff88012ba38260), AE_ALREADY_EXISTS"
ACPI Error (psparse-0537): Method parse/execution failed [\_SB_.PCI0._OSC] (Node ffff88013ba29e80), AE_NOT_FOUND"
ACPI Error (psparse-0537): Method parse/execution failed [\_SB_.PCI0._OSC] (Node ffff88013ba393a0), AE_NOT_FOUND"
ACPI Error (psparse-0537): Method parse/execution failed [\_SB_.PCI0._OSC] (Node ffff88014b83caa0), AE_AML_OPERAND_TYPE"
ACPI Error (psparse-0537): Method parse/execution failed [\_SB_.PCI0.PEGP.EVGA.LCD_._BCM] (Node ffff8800bc647c80), AE_AML_PACKAGE_LIMIT"
ACPI Error (psparse-0537): Method parse/execution failed [\_SB_.PCI0.PIB_.EXFG] (Node f7015768), AE_AML_MUTEX_NOT_ACQUIRED"
ACPI Error (psparse-0537): Method parse/execution failed [\_SB_.PCI0.PIB_.FIR_._STA] (Node f7015900), AE_AML_MUTEX_NOT_ACQUIRED"
ACPI Error (psparse-0537): Method parse/execution failed [\_SB_.PCI0.RTC_._CRS] (Node ffff88007db322c0), AE_NOT_FOUND"
ACPI Error (psparse-0537): Method parse/execution failed [\_SB_.PCI0.RTC_._CRS] (Node ffff88013ba402c0), AE_NOT_FOUND"
ACPI Error (psparse-0537): Method parse/execution failed [\_SB_.PCI0.SAT0.PRT0._SDD] (Node ffff880233656ce0), AE_NOT_FOUND"
ACPI Error (psparse-0537): Method parse/execution failed [\_SB_.PCI0.SAT0.PRT1._SDD] (Node ffff880233656dc0), AE_NOT_FOUND"
ACPI Error (psparse-0537): Method parse/execution failed [\_SB_.PCI0.SAT1.CHN0._GTM] (Node f7014a38), AE_NOT_FOUND"
ACPI Error (psparse-0537): Method parse/execution failed [\_SB_.PCI0.SAT1.CHN0._GTM] (Node f70150f0), AE_NOT_FOUND"
ACPI Error (psparse-0537): Method parse/execution failed [\_SB_.PCI0.SAT1.CHN1._GTM] (Node f7014b28), AE_NOT_FOUND"
ACPI Error (psparse-0537): Method parse/execution failed [\_SB_.PCI0.SAT1.CHN1._GTM] (Node f70151e0), AE_NOT_FOUND"
ACPI Error (psparse-0537): Method parse/execution failed [\_SB_.PCI0.SATA.CHN0._GTM] (Node f7014300), AE_NOT_FOUND"
ACPI Error (psparse-0537): Method parse/execution failed [\_SB_.PCI0.SATA.CHN0._GTM] (Node f7014978), AE_NOT_FOUND"
ACPI Error (psparse-0537): Method parse/execution failed [\_SB_.PCI0.SATA.CHN1._GTM] (Node f70143f0), AE_NOT_FOUND"
ACPI Error (psparse-0537): Method parse/execution failed [\_SB_.PCI0.SATA.CHN1._GTM] (Node f7014a68), AE_NOT_FOUND"
ACPI Error (psparse-0537): Method parse/execution failed [\_SB_.PCI0.SATA.PRT0._SDD] (Node f7018e58), AE_NOT_FOUND"
ACPI Error (psparse-0537): Method parse/execution failed [\_SB_.PCI0.SATA.PRT0._SDD] (Node ffff8800bc632c60), AE_NOT_FOUND"
ACPI Error (psparse-0537): Method parse/execution failed [\_SB_.PCI0.SBRG.EC0_.BST2] (Node f7012e58), AE_TIME"
ACPI Error (psparse-0537): Method parse/execution failed [\_SB_.PMI0._GHL] (Node ffff88122fc1ece0), AE_AML_BUFFER_LIMIT"
ACPI Error (psparse-0537): Method parse/execution failed [\_SB_.PMI0._PMC] (Node ffff88122fc1ec60), AE_AML_BUFFER_LIMIT"
ACPI Error (psparse-0537): Method parse/execution failed [\SECD.S_D0._STA] (Node f701bc78), AE_NOT_EXIST"
ACPI Error (psparse-0537): Method parse/execution failed [\SECD.S_D0._STA] (Node f7072210), AE_NOT_EXIST"
ACPI Error (psparse-0537): Method parse/execution failed [\SECD.S_D0._STA] (Node ffff88006dfe3200), AE_NOT_EXIST"
ACPI Error (psparse-0537): Method parse/execution failed [\SECD.S_D0._STA] (Node ffff88012bb11460), AE_NOT_EXIST"
ACPI Error (psparse-0537): Method parse/execution failed [\SECD.S_D1._STA] (Node f701bd38), AE_NOT_EXIST"
ACPI Error (psparse-0537): Method parse/execution failed [\SECD.S_D1._STA] (Node f70722b8), AE_NOT_EXIST"
ACPI Error (psparse-0537): Method parse/execution failed [\SECD.S_D1._STA] (Node ffff88006dfe3300), AE_NOT_EXIST"
ACPI Error (psparse-0537): Method parse/execution failed [\SECD.S_D1._STA] (Node ffff88012bb11540), AE_NOT_EXIST"
ACPI Error (psparse-0537): Method parse/execution failed [\SMIE] (Node f702ea20), AE_NOT_FOUND"
ACPI Error (psparse-0537): Method parse/execution failed [\SMIE] (Node ffff8802270521c0), AE_NOT_FOUND"
ACPI Error (psparse-0537): Method parse/execution failed [\_TZ_.C2E5] (Node f7017f30), AE_AML_PACKAGE_LIMIT"
ACPI Error (psparse-0537): Method parse/execution failed [\_TZ_.C2E6] (Node f7017f48), AE_AML_PACKAGE_LIMIT"
ACPI Error (psparse-0537): Method parse/execution failed [\_TZ_.C2E7] (Node f701b0f0), AE_AML_PACKAGE_LIMIT"
ACPI Error (psparse-0537): Method parse/execution failed [\_TZ_.C2E8] (Node f701b108), AE_AML_PACKAGE_LIMIT"
ACPI Error (psparse-0537): Method parse/execution failed [\_TZ_.THRM.SFAN] (Node ffff88007cf2aec0), AE_NOT_EXIST"
ACPI Error (psparse-0537): Method parse/execution failed [\_TZ_.THRM.SFAN] (Node ffff88007d328ec0), AE_NOT_EXIST"
ACPI Error (psparse-0537): Method parse/execution failed [\_TZ_.THRM.THCK] (Node ffff88007cf2af40), AE_NOT_EXIST"
ACPI Error (psparse-0537): Method parse/execution failed [\_TZ_.THRM.THCK] (Node ffff88007d328f40), AE_NOT_EXIST"
ACPI Error (psparse-0537): Method parse/execution failed [\_TZ_.THRM._TMP] (Node f7018be8), AE_TIME"
ACPI Error (psparse-0537): Method parse/execution failed [\_TZ_.THRM._TMP] (Node f701a018), AE_TIME"
ACPI Error (psparse-0537): Method parse/execution failed [\_TZ_.TZ00._PSL] (Node ffff88013be3fde0), AE_NOT_FOUND"
ACPI Error (psparse-0537): Method parse/execution failed [\_TZ_.TZ00._PSL] (Node ffff88015ba4de00), AE_NOT_FOUND"
ACPI Error (psparse-0537): Method parse/execution failed [\_TZ_.TZ00._PSL] (Node ffff880257054e20), AE_NOT_FOUND"
ACPI Error (psparse-0537): Method parse/execution failed [\_TZ_.TZ01._HOT] (Node f7019e70), AE_NOT_FOUND"
ACPI Error (psparse-0537): Method parse/execution failed [\_TZ_.TZ2_._TMP] (Node f7019618), AE_AML_PACKAGE_LIMIT"
ACPI Error (psparse-0537): Method parse/execution failed [\_TZ_.TZ2_._TMP] (Node f701b7c8), AE_AML_PACKAGE_LIMIT"
ACPI Error: Region EmbeddedControl(3) has no handler 20090521 exfldio-288"
ACPI Error: Region EmbeddedControl(3) has no handler 20090521 exfldio-294"
ACPI Error: Region EmbeddedControl(3) has no handler (20090903/exfldio-295)"
ACPI Error: Region PCI_Config(2) has no handler (20090903/exfldio-295)"
ACPI Error: SMBus or IPMI write requires Buffer of length 42, found length 20 (20090903/exfield-286)"
ACPI Error (uteval-0232): Method execution failed [\_SB_.MEM_._CRS] (Node f6c1b0a8), AE_AML_BUFFER_LIMIT"
ACPI Error (uteval-0232): Method execution failed [\_SB_.PCI0.LPC0.PMIO._CRS] (Node f6c15900), AE_AML_BUFFER_LIMIT"
ACPI Error (uteval-0232): Method execution failed [\_SB_.PCI0.LPC0.PMIO._CRS] (Node ffff88007f017980), AE_AML_BUFFER_LIMIT"
ACPI Error (uteval-0232): Method execution failed [\_SB_.PCI0.LPC0.PMIO._CRS] (Node ffff88007f817980), AE_AML_BUFFER_LIMIT"
ACPI Error (uteval-0232): Method execution failed [\_SB_.PCI0.LPC0.PMIO._CRS] (Node ffff880135a32980), AE_AML_BUFFER_LIMIT"
ACPI Error (uteval-0250): Method execution failed [\J380._STA] (Node f701cba0), AE_NOT_EXIST"
ACPI Error (uteval-0250): Method execution failed [\J380._STA] (Node ffff88013710c380), AE_NOT_EXIST"
ACPI Error (uteval-0250): Method execution failed [\J380._STA] (Node ffff88013712b380), AE_NOT_EXIST"
ACPI Error (uteval-0250): Method execution failed [\J380._STA] (Node ffff88013bb3fa80), AE_NOT_EXIST"
ACPI Error (uteval-0250): Method execution failed [\J380._STA] (Node ffff8801b916e720), AE_NOT_EXIST"
ACPI Error (uteval-0250): Method execution failed [\PRID.P_D0._STA] (Node f701ba38), AE_NOT_EXIST"
ACPI Error (uteval-0250): Method execution failed [\PRID.P_D0._STA] (Node f7072000), AE_NOT_EXIST"
ACPI Error (uteval-0250): Method execution failed [\PRID.P_D0._STA] (Node ffff88006df34f00), AE_NOT_EXIST"
ACPI Error (uteval-0250): Method execution failed [\PRID.P_D0._STA] (Node ffff88012bb111a0), AE_NOT_EXIST"
ACPI Error (uteval-0250): Method execution failed [\PRID.P_D1._STA] (Node f701baf8), AE_NOT_EXIST"
ACPI Error (uteval-0250): Method execution failed [\PRID.P_D1._STA] (Node f70720a8), AE_NOT_EXIST"
ACPI Error (uteval-0250): Method execution failed [\PRID.P_D1._STA] (Node ffff88006dfe3000), AE_NOT_EXIST"
ACPI Error (uteval-0250): Method execution failed [\PRID.P_D1._STA] (Node ffff88012bb11280), AE_NOT_EXIST"
ACPI Error (uteval-0250): Method execution failed [\_SB_.MEM_._CRS] (Node f7018f60), AE_AML_BUFFER_LIMIT"
ACPI Error (uteval-0250): Method execution failed [\_SB_.MEM_._CRS] (Node ffff8800b4444e60), AE_AML_BUFFER_LIMIT"
ACPI Error (uteval-0250): Method execution failed [\_SB_.MEM_._CRS] (Node ffff88013ba44cc0), AE_AML_BUFFER_LIMIT"
ACPI Error (uteval-0250): Method execution failed [\_SB_.PCI0.DOCK._STA] (Node ffff880133e48620), AE_NOT_EXIST"
ACPI Error (uteval-0250): Method execution failed [\_SB_.PCI0.LPC0.PMIO._CRS] (Node f7015900), AE_AML_BUFFER_LIMIT"
ACPI Error (uteval-0250): Method execution failed [\_SB_.PCI0.PIB_.FIR_._STA] (Node f7015900), AE_AML_MUTEX_NOT_ACQUIRED"
ACPI Error (uteval-0250): Method execution failed [\SECD.S_D0._STA] (Node f701bc78), AE_NOT_EXIST"
ACPI Error (uteval-0250): Method execution failed [\SECD.S_D0._STA] (Node f7072210), AE_NOT_EXIST"
ACPI Error (uteval-0250): Method execution failed [\SECD.S_D0._STA] (Node ffff88006dfe3200), AE_NOT_EXIST"
ACPI Error (uteval-0250): Method execution failed [\SECD.S_D0._STA] (Node ffff88012bb11460), AE_NOT_EXIST"
ACPI Error (uteval-0250): Method execution failed [\SECD.S_D1._STA] (Node f701bd38), AE_NOT_EXIST"
ACPI Error (uteval-0250): Method execution failed [\SECD.S_D1._STA] (Node f70722b8), AE_NOT_EXIST"
ACPI Error (uteval-0250): Method execution failed [\SECD.S_D1._STA] (Node ffff88006dfe3300), AE_NOT_EXIST"
ACPI Error (uteval-0250): Method execution failed [\SECD.S_D1._STA] (Node ffff88012bb11540), AE_NOT_EXIST"
ACPI Error (uteval-0256): Method execution failed [\_SB_.MEM_._CRS] (Node f7017f60), AE_AML_BUFFER_LIMIT"
ACPI Warning: 32/64 FACS address mismatch in FADT - two FACS tables! 20090521 tbfadt-370"
ACPI Warning: 32/64 FACS address mismatch in FADT - two FACS tables! (20090903/tbfadt-369)"
ACPI Warning: 32/64 FACS address mismatch in FADT - two FACS tables! (20100121/tbfadt-369)"
ACPI Warning: 32/64X FACS address mismatch in FADT - 3762DF40/000000003762DF80, using 32 (20090903/tbfadt-486)"
ACPI Warning: 32/64X FACS address mismatch in FADT - 3F611E40/000000003F611D40, using 32 20090521 tbfadt-487"
ACPI Warning: 32/64X FACS address mismatch in FADT - 3F611E40/000000003F611D40, using 32 (20090903/tbfadt-486)"
ACPI Warning: 32/64X FACS address mismatch in FADT - 5F611E40/000000005F611D40, using 32 20090521 tbfadt-487"
ACPI Warning: 32/64X FACS address mismatch in FADT - 7B76BF40/000000007B76ED40, using 32 (20090903/tbfadt-486)"
ACPI Warning: 32/64X FACS address mismatch in FADT - 7F3EBF40/000000007F3E7F40, using 32 20090521 tbfadt-487"
ACPI Warning: 32/64X FACS address mismatch in FADT - 7F3ECF40/000000007F3E8F40, using 32 (20090903/tbfadt-486)"
ACPI Warning: 32/64X FACS address mismatch in FADT - 7F611E40/000000007F611D40, using 32 20090521 tbfadt-487"
ACPI Warning: 32/64X FACS address mismatch in FADT - 7FD5FF40/000000007FD65E40, using 32 20090521 tbfadt-487"
ACPI Warning: 32/64X FACS address mismatch in FADT - 9DCC4F40/000000009DCC5E40, using 32 (20090903/tbfadt-486)"
ACPI Warning: 32/64X FACS address mismatch in FADT - 9DF17E40/000000009DF17D40, using 32 20090521 tbfadt-487"
ACPI Warning: 32/64X FACS address mismatch in FADT - B7B1CE40/00000000B7B1CD40, using 32 (20100121/tbfadt-486)"
ACPI Warning: 32/64X FACS address mismatch in FADT - BADABF40/00000000BADAED40, using 32 (20090903/tbfadt-486)"
ACPI Warning: 32/64X FACS address mismatch in FADT - BB76BF40/00000000BB76ED40, using 32 (20090903/tbfadt-486)"
ACPI Warning: 32/64X FACS address mismatch in FADT - BBB61F40/00000000BBB67E40, using 32 20090521 tbfadt-487"
ACPI Warning: 32/64X FACS address mismatch in FADT - BD651F40/00000000BD656F40, using 32 20090521 tbfadt-487"
ACPI Warning: 32/64X FACS address mismatch in FADT - BDB5FF40/00000000BDB64F40, using 32 (20090903/tbfadt-486)"
ACPI Warning: 32/64X FACS address mismatch in FADT - BDB61F40/00000000BDB66F40, using 32 20090521 tbfadt-487"
ACPI Warning: 32/64X FACS address mismatch in FADT - BDF19E40/00000000BDF19D40, using 32 (20090903/tbfadt-486)"
ACPI Warning: 32/64X FACS address mismatch in FADT - BFA51F40/00000000BFA56F40, using 32 20090521 tbfadt-487"
ACPI Warning: 32/64X FACS address mismatch in FADT - BFE17E40/00000000BFE17D40, using 32 20090521 tbfadt-487"
ACPI Warning: 32/64X FACS address mismatch in FADT - CB628E40/00000000CB628D40, using 32 20090521 tbfadt-487"
ACPI Warning: 32/64X FACS address mismatch in FADT - CBE4AF40/00000000CBE4FF40, using 32 (20090903/tbfadt-486)"
ACPI Warning: 32/64X FACS address mismatch in FADT - CBF6BF40/00000000CBF6ED40, using 32 (20090903/tbfadt-486)"
ACPI Warning: 32/64X FACS address mismatch in FADT - CEF28F40/00000000CEF2BD40, using 32 (20090903/tbfadt-486)"
ACPI Warning: 32/64X FACS address mismatch in FADT - CEF2CF40/00000000CEF2FD40, using 32 (20090903/tbfadt-486)"
ACPI Warning: 32/64X FACS address mismatch in FADT - DADC1F40/00000000DADD5D40, using 32 (20090903/tbfadt-486)"
ACPI Warning: 32/64X FACS address mismatch in FADT - DF647F40/00000000DF64AD40, using 32 20090521 tbfadt-487"
ACPI Warning: 32/64X length mismatch in Gpe1Block: 0/32 20090521 tbfadt-527"
ACPI Warning: 32/64X length mismatch in Gpe1Block: 0/32 (20090903/tbfadt-526)"
ACPI Warning: 32/64X length mismatch in Gpe1Block: 0/32 (20100121/tbfadt-526)"
ACPI Warning: _BQC returned an invalid level 20090521 video-629"
ACPI Warning: _BQC returned an invalid level (20090903/video-631)"
ACPI Warning: _BQC returned an invalid level (20091214/video-638)"
ACPI Warning: _BQC returned an invalid level (20100121/video-638)"
ACPI Warning: Could not enable fixed event 2 20090521 evxface-146"
ACPI Warning: Could not enable fixed event 2 (20090903/evxface-146)"
ACPI Warning: Could not enable fixed event 3 20090521 evxface-146"
ACPI Warning: Could not enable fixed event 3 (20090903/evxface-146)"
ACPI Warning: Detected an unsupported executable opcode at module-level: [0x0070] at table offset 0x006C (20090903/psloop-522)"
ACPI Warning: Detected an unsupported executable opcode at module-level: [0x0070] at table offset 0x006F (20090903/psloop-522)"
ACPI Warning: Detected an unsupported executable opcode at module-level: [0x0070] at table offset 0x0070 (20090903/psloop-522)"
ACPI Warning: Detected an unsupported executable opcode at module-level: [0x0070] at table offset 0x0077 (20090903/psloop-522)"
ACPI Warning: Detected an unsupported executable opcode at module-level: [0x0070] at table offset 0x007C (20090903/psloop-522)"
ACPI Warning: Detected an unsupported executable opcode at module-level: [0x007B] at table offset 0x007D (20090903/psloop-522)"
ACPI Warning: Detected an unsupported executable opcode at module-level: [0x007B] at table offset 0x007F (20090903/psloop-522)"
ACPI Warning: Detected an unsupported executable opcode at module-level: [0x007B] at table offset 0x0080 (20090903/psloop-522)"
ACPI Warning (dsobject-0501): Package List length (1) larger than NumElements count (0), truncated"
ACPI Warning (dsobject-0501): Package List length (5) larger than NumElements count (4), truncated"
ACPI Warning (dsobject-0501): Package List length (C) larger than NumElements count (2), truncated"
ACPI Warning (dsobject-0501): Package List length (C) larger than NumElements count (3), truncated"
ACPI Warning (dsobject-0501): Package List length (C) larger than NumElements count (4), truncated"
ACPI Warning (dsobject-0502): Package List length (C) larger than NumElements count (3), truncated"
ACPI Warning: Evaluating _BQC failed (20090903/video-641)"
ACPI Warning (evxface-0146): Could not enable fixed event 3 [20090320]"
ACPI Warning for \_PR_.CPU0._PSD:"
ACPI Warning for \_PR_.CPU0._PSD:  [<ffffffff81309011>] lapic_timer_state_broadcast+0x46/0x48"
ACPI Warning for \_PR_.CPU0._PSD: Return Package type mismatch at index 4 - found [NULL Object Descriptor], expected Integer (20090903/nspredef-1012)"
ACPI Warning for \_PR_.CPU1._PSD: Return Package type mismatch at index 4 - found [NULL Object Descriptor], expected Integer (20090903/nspredef-1012)"
ACPI Warning for \_PR_.CPU2._PSD: Return Package type mismatch at index 4 - found [NULL Object Descriptor], expected Integer (20090903/nspredef-1012)"
ACPI Warning for \_PR_.CPU3._PSD: Return Package type mismatch at index 4 - found [NULL Object Descriptor], expected Integer (20090903/nspredef-1012)"
ACPI Warning for \_PR_.CPU4._PSD: Return Package type mismatch at index 4 - found [NULL Object Descriptor], expected Integer (20090903/nspredef-1012)"
ACPI Warning for \_PR_.CPU5._PSD: Return Package type mismatch at index 4 - found [NULL Object Descriptor], expected Integer (20090903/nspredef-1012)"
ACPI Warning for \_PR_.CPU6._PSD: Return Package type mismatch at index 4 - found [NULL Object Descriptor], expected Integer (20090903/nspredef-1012)"
ACPI Warning for \_PR_.CPU7._PSD: Return Package type mismatch at index 4 - found [NULL Object Descriptor], expected Integer (20090903/nspredef-1012)"
ACPI Warning for \_SB_.BAT0._BIF: Return Package type mismatch at index 12 - found Integer, expected String/Buffer (20090903/nspredef-1012)"
ACPI Warning for \_SB_.BAT0._BIF: Return Package type mismatch at index 9 - found [NULL Object Descriptor], expected String/Buffer (20090903/nspredef-1012)"
ACPI Warning for \_SB_.BAT1._BIF: Return Package type mismatch at index 12 - found Integer, expected String/Buffer (20090903/nspredef-1012)"
ACPI Warning for \_SB_.BAT1._BST: Return Package type mismatch at index 2 - found [NULL Object Descriptor], expected Integer (20090903/nspredef-1012)"
ACPI Warning for \_SB_.PCI0.BAT0._BIF: Converted Buffer to expected String at index 9 (20090903/nsrepair-132)"
ACPI Warning for \_SB_.PCI0.FNC2.PRT0._GTF: Return type mismatch - found Integer, expected Buffer (20090903/nspredef-1006)"
ACPI Warning for \_SB_.PCI0.FNC2.PRT1._GTF: Return type mismatch - found Integer, expected Buffer (20090903/nspredef-1006)"
ACPI Warning for \_SB_.PCI0.IDE1.PRT0._GTF: Return type mismatch - found Integer, expected Buffer (20090903/nspredef-1006)"
ACPI Warning for \_SB_.PCI0.LPC_.EC__.BAT0._BIF:"
ACPI Warning for \_SB_.PCI0.LPC_.EC__.BAT0._BIF: Converted Buffer to expected String at index 10 (20090903/nsrepair-132)"
ACPI Warning for \_SB_.PCI0.LPC_.EC__.BAT0._BIF: Converted Buffer to expected String at index 11 (20090903/nsrepair-132)"
ACPI Warning for \_SB_.PCI0.LPC_.EC__.BAT0._BIF: Converted Buffer to expected String at index 12 (20090903/nsrepair-132)"
ACPI Warning for \_SB_.PCI0.LPC_.EC__.BAT0._BIF: Converted Buffer to expected String at index 9 (20090903/nsrepair-132)"
ACPI Warning for \_SB_.PCI0._OSC: Parameter count mismatch - ASL declared 5, ACPI requires 4 (20090903/nspredef-336)"
ACPI Warning for \_SB_.PCI0._OSC: Parameter count mismatch - ASL declared 5, ACPI requires 4 (20091214/nspredef-351)"
ACPI Warning for \_SB_.PCI0._OSC: Parameter count mismatch - ASL declared 5, ACPI requires 4 (20100121/nspredef-352)"
ACPI Warning for \_SB_.PCI0._OSC: Return type mismatch - found Integer, expected Buffer (20090903/nspredef-1006)"
ACPI Warning for \_SB_.PCI0.P0P1._PRT: Return Package has no elements (empty) (20090903/nspredef-433)"
ACPI Warning for \_SB_.PCI0.PCIB._PRT: Return Package has no elements (empty) (20090903/nspredef-433)"
ACPI Warning for \_SB_.PCI0._PRT: Return Package type mismatch at index 2 - found [NULL Object Descriptor], expected Integer/Reference (20090903/nspredef-1012)"
ACPI Warning for \_SB_.PCI0.SAT0.PRT0._GTF: Return type mismatch - found Integer, expected Buffer (20090903/nspredef-1006)"
ACPI Warning for \_SB_.PCI0.SAT0.PRT1._GTF: Return type mismatch - found Integer, expected Buffer (20090903/nspredef-1006)"
ACPI Warning for \_SB_.PCI0.SATA.PRT0._GTF: Return type mismatch - found Integer, expected Buffer (20090903/nspredef-1006)"
ACPI Warning for \_SB_.PCI0.SATA.PRT1._GTF: Return type mismatch - found Integer, expected Buffer (20090903/nspredef-1006)"
ACPI Warning for \_SB_.PCI0.VID2._DOD: Return Package has no elements (empty) (20090903/nspredef-433)"
ACPI Warning for \_TZ_.THRM._PSL: Return Package type mismatch at index 0 - found [NULL Object Descriptor], expected Reference (20090903/nspredef-1012)"
ACPI Warning for \_TZ_.THRM._PSL: Return Package type mismatch at index 0 - found [NULL Object Descriptor], expected Reference (20100121/nspredef-1059)"
ACPI Warning for \_TZ_.THRM._PSL: Return Package type mismatch at index 0 - found Processor, expected Reference (20090903/nspredef-1012)"
ACPI Warning for \_TZ_.TZ01._PSV: Return type mismatch - found Package, expected Integer (20090903/nspredef-1006)"
ACPI Warning: Incorrect checksum in table [ASF!] - 59, should be 08 20090521 tbutils-246"
ACPI Warning: Incorrect checksum in table [ASF!] - 77, should be B6 (20090903/tbutils-314)"
ACPI Warning: Incorrect checksum in table [ASF!] - E9, should be 94 20090521 tbutils-246"
ACPI Warning: Incorrect checksum in table [ASF!] - F2, should be 8D (20090903/tbutils-314)"
ACPI Warning: Incorrect checksum in table [ATKG] - 0F, should be E7 (20090903/tbutils-314)"
ACPI Warning: Incorrect checksum in table [ATKG] - 49, should be 84 20090521 tbutils-246"
ACPI Warning: Incorrect checksum in table [ATKG] - 6A, should be E5 (20090903/tbutils-314)"
ACPI Warning: Incorrect checksum in table [ATKG] - 90, should be 59 (20090903/tbutils-314)"
ACPI Warning: Incorrect checksum in table [ATKG] - 96, should be 59 20090521 tbutils-246"
ACPI Warning: Incorrect checksum in table [ATKG] - 9D, should be 53 20090521 tbutils-246"
ACPI Warning: Incorrect checksum in table [ATKG] - A4, should be 59 20090521 tbutils-246"
ACPI Warning: Incorrect checksum in table [ATKG] - AA, should be 59 20090521 tbutils-246"
ACPI Warning: Incorrect checksum in table [ATKG] - B0, should be 4A 20090521 tbutils-246"
ACPI Warning: Incorrect checksum in table [ATKG] - C8, should be E5 (20100121/tbutils-314)"
ACPI Warning: Incorrect checksum in table [ATKG] - CD, should be 59 20090521 tbutils-246"
ACPI Warning: Incorrect checksum in table [ATKG] - E4, should be 59 (20090903/tbutils-314)"
ACPI Warning: Incorrect checksum in table [ATKG] - E5, should be 59 20090521 tbutils-246"
ACPI Warning: Incorrect checksum in table [ATKG] - E7, should be 59 20090521 tbutils-246"
ACPI Warning: Incorrect checksum in table [GSCI] - 3B, should be BF (20090903/tbutils-314)"
ACPI Warning: Incorrect checksum in table [GSCI] - 58, should be AA (20090903/tbutils-314)"
ACPI Warning: Incorrect checksum in table [GSCI] - A8, should be 7B (20100121/tbutils-314)"
ACPI Warning: Incorrect checksum in table [OEMB] - 00, should be FF 20090521 tbutils-246"
ACPI Warning: Incorrect checksum in table [OEMB] - 03, should be FE 20090521 tbutils-246"
ACPI Warning: Incorrect checksum in table [OEMB] - 04, should be 54 20090521 tbutils-246"
ACPI Warning: Incorrect checksum in table [OEMB] - 05, should be FD 20090521 tbutils-246"
ACPI Warning: Incorrect checksum in table [OEMB] - 06, should be 05 20090521 tbutils-246"
ACPI Warning: Incorrect checksum in table [OEMB] - 0B, should be 02 20090521 tbutils-246"
ACPI Warning: Incorrect checksum in table [OEMB] - 0B, should be 02 (20090903/tbutils-314)"
ACPI Warning: Incorrect checksum in table [OEMB] - 0C, should be FF 20090521 tbutils-246"
ACPI Warning: Incorrect checksum in table [OEMB] - 0F, should be 03 (20090903/tbutils-314)"
ACPI Warning: Incorrect checksum in table [OEMB] - 0x77, should be 0x6A (20100428/tbutils-314)"
ACPI Warning: Incorrect checksum in table [OEMB] - 16, should be 14 20090521 tbutils-246"
ACPI Warning: Incorrect checksum in table [OEMB] - 17, should be 67 20090521 tbutils-246"
ACPI Warning: Incorrect checksum in table [OEMB] - 18, should be 13 (20090903/tbutils-314)"
ACPI Warning: Incorrect checksum in table [OEMB] - 1D, should be 10 (20090903/tbutils-314)"
ACPI Warning: Incorrect checksum in table [OEMB] - 1F, should be 16 20090521 tbutils-246"
ACPI Warning: Incorrect checksum in table [OEMB] - 20, should be 17 20090521 tbutils-246"
ACPI Warning: Incorrect checksum in table [OEMB] - 24, should be 17 20090521 tbutils-246"
ACPI Warning: Incorrect checksum in table [OEMB] - 24, should be 1D 20090521 tbutils-246"
ACPI Warning: Incorrect checksum in table [OEMB] - 25, should be 16 (20090903/tbutils-314)"
ACPI Warning: Incorrect checksum in table [OEMB] - 26, should be 76 20090521 tbutils-246"
ACPI Warning: Incorrect checksum in table [OEMB] - 29, should be 1A (20090903/tbutils-314)"
ACPI Warning: Incorrect checksum in table [OEMB] - 2A, should be 29 (20090903/tbutils-314)"
ACPI Warning: Incorrect checksum in table [OEMB] - 2E, should be 2D 20090521 tbutils-246"
ACPI Warning: Incorrect checksum in table [OEMB] - 2F, should be 22 (20090903/tbutils-314)"
ACPI Warning: Incorrect checksum in table [OEMB] - 2F, should be 24 20090521 tbutils-246"
ACPI Warning: Incorrect checksum in table [OEMB] - 30, should be 23 20090521 tbutils-246"
ACPI Warning: Incorrect checksum in table [OEMB] - 33, should be 2E (20090903/tbutils-314)"
ACPI Warning: Incorrect checksum in table [OEMB] - 3F, should be 3B (20090903/tbutils-314)"
ACPI Warning: Incorrect checksum in table [OEMB] - 40, should be 3F (20090903/tbutils-314)"
ACPI Warning: Incorrect checksum in table [OEMB] - 42, should be 35 20090521 tbutils-246"
ACPI Warning: Incorrect checksum in table [OEMB] - 43, should be 3E 20090521 tbutils-246"
ACPI Warning: Incorrect checksum in table [OEMB] - 44, should be 6C (20090903/tbutils-314)"
ACPI Warning: Incorrect checksum in table [OEMB] - 45, should be 40 20090521 tbutils-246"
ACPI Warning: Incorrect checksum in table [OEMB] - 4C, should be 40 20090521 tbutils-246"
ACPI Warning: Incorrect checksum in table [OEMB] - 52, should be 4E 20090521 tbutils-246"
ACPI Warning: Incorrect checksum in table [OEMB] - 52, should be 7D 20090521 tbutils-246"
ACPI Warning: Incorrect checksum in table [OEMB] - 55, should be 4D 20090521 tbutils-246"
ACPI Warning: Incorrect checksum in table [OEMB] - 57, should be 4E 20090521 tbutils-246"
ACPI Warning: Incorrect checksum in table [OEMB] - 58, should be 53 20090521 tbutils-246"
ACPI Warning: Incorrect checksum in table [OEMB] - 59, should be 4C 20090521 tbutils-246"
ACPI Warning: Incorrect checksum in table [OEMB] - 5B, should be 50 20090521 tbutils-246"
ACPI Warning: Incorrect checksum in table [OEMB] - 5B, should be 5A 20090521 tbutils-246"
ACPI Warning: Incorrect checksum in table [OEMB] - 5C, should be 4F 20090521 tbutils-246"
ACPI Warning: Incorrect checksum in table [OEMB] - 5F, should be 52 20090521 tbutils-246"
ACPI Warning: Incorrect checksum in table [OEMB] - 61, should be 54 (20090903/tbutils-314)"
ACPI Warning: Incorrect checksum in table [OEMB] - 61, should be 58 (20090903/tbutils-314)"
ACPI Warning: Incorrect checksum in table [OEMB] - 63, should be 5E 20090521 tbutils-246"
ACPI Warning: Incorrect checksum in table [OEMB] - 65, should be 5C 20090521 tbutils-246"
ACPI Warning: Incorrect checksum in table [OEMB] - 66, should be 5D 20090521 tbutils-246"
ACPI Warning: Incorrect checksum in table [OEMB] - 68, should be 5A 20090521 tbutils-246"
ACPI Warning: Incorrect checksum in table [OEMB] - 69, should be 5F (20090903/tbutils-314)"
ACPI Warning: Incorrect checksum in table [OEMB] - 6B, should be 66 20090521 tbutils-246"
ACPI Warning: Incorrect checksum in table [OEMB] - 6B, should be 6A (20090903/tbutils-314)"
ACPI Warning: Incorrect checksum in table [OEMB] - 6C, should be 27 20090521 tbutils-246"
ACPI Warning: Incorrect checksum in table [OEMB] - 6D, should be 60 (20090903/tbutils-314)"
ACPI Warning: Incorrect checksum in table [OEMB] - 6D, should be 6A (20090903/tbutils-314)"
ACPI Warning: Incorrect checksum in table [OEMB] - 6E, should be 65 20090521 tbutils-246"
ACPI Warning: Incorrect checksum in table [OEMB] - 6E, should be 66 20090521 tbutils-246"
ACPI Warning: Incorrect checksum in table [OEMB] - 6F, should be 6E (20090903/tbutils-314)"
ACPI Warning: Incorrect checksum in table [OEMB] - 6F, should be 9A (20090903/tbutils-314)"
ACPI Warning: Incorrect checksum in table [OEMB] - 70, should be 67 20090521 tbutils-246"
ACPI Warning: Incorrect checksum in table [OEMB] - 72, should be 69 20090521 tbutils-246"
ACPI Warning: Incorrect checksum in table [OEMB] - 72, should be 69 (20090903/tbutils-314)"
ACPI Warning: Incorrect checksum in table [OEMB] - 73, should be 64 20090521 tbutils-246"
ACPI Warning: Incorrect checksum in table [OEMB] - 73, should be 66 20090521 tbutils-246"
ACPI Warning: Incorrect checksum in table [OEMB] - 74, should be 6F 20090521 tbutils-246"
ACPI Warning: Incorrect checksum in table [OEMB] - 75, should be 74 (20090903/tbutils-314)"
ACPI Warning: Incorrect checksum in table [OEMB] - 77, should be 6A 20090521 tbutils-246"
ACPI Warning: Incorrect checksum in table [OEMB] - 77, should be 76 (20090903/tbutils-314)"
ACPI Warning: Incorrect checksum in table [OEMB] - 7B, should be 74 (20090903/tbutils-314)"
ACPI Warning: Incorrect checksum in table [OEMB] - 7B, should be 76 (20090903/tbutils-314)"
ACPI Warning: Incorrect checksum in table [OEMB] - 7B, should be 7A 20090521 tbutils-246"
ACPI Warning: Incorrect checksum in table [OEMB] - 7D, should be 74 20090521 tbutils-246"
ACPI Warning: Incorrect checksum in table [OEMB] - 7D, should be 74 (20090903/tbutils-314)"
ACPI Warning: Incorrect checksum in table [OEMB] - 83, should be 7A 20090521 tbutils-246"
ACPI Warning: Incorrect checksum in table [OEMB] - 83, should be 82 20090521 tbutils-246"
ACPI Warning: Incorrect checksum in table [OEMB] - 85, should be 78 (20090903/tbutils-314)"
ACPI Warning: Incorrect checksum in table [OEMB] - 85, should be 84 20090521 tbutils-246"
ACPI Warning: Incorrect checksum in table [OEMB] - 86, should be 83 20090521 tbutils-246"
ACPI Warning: Incorrect checksum in table [OEMB] - 86, should be 85 20090521 tbutils-246"
ACPI Warning: Incorrect checksum in table [OEMB] - 88, should be 7F (20090903/tbutils-314)"
ACPI Warning: Incorrect checksum in table [OEMB] - 89, should be 88 20090521 tbutils-246"
ACPI Warning: Incorrect checksum in table [OEMB] - 8B, should be 7F 20090521 tbutils-246"
ACPI Warning: Incorrect checksum in table [OEMB] - 8B, should be 8A (20090903/tbutils-314)"
ACPI Warning: Incorrect checksum in table [OEMB] - 8C, should be 88 20090521 tbutils-246"
ACPI Warning: Incorrect checksum in table [OEMB] - 8D, should be 80 20090521 tbutils-246"
ACPI Warning: Incorrect checksum in table [OEMB] - 8D, should be 88 20090521 tbutils-246"
ACPI Warning: Incorrect checksum in table [OEMB] - 8D, should be 8C 20090521 tbutils-246"
ACPI Warning: Incorrect checksum in table [OEMB] - 8E, should be 85 (20090903/tbutils-314)"
ACPI Warning: Incorrect checksum in table [OEMB] - 91, should be 88 20090521 tbutils-246"
ACPI Warning: Incorrect checksum in table [OEMB] - 91, should be 90 (20090903/tbutils-314)"
ACPI Warning: Incorrect checksum in table [OEMB] - 96, should be 91 (20090903/tbutils-314)"
ACPI Warning: Incorrect checksum in table [OEMB] - 99, should be 94 20090521 tbutils-246"
ACPI Warning: Incorrect checksum in table [OEMB] - 9D, should be B1 20090521 tbutils-246"
ACPI Warning: Incorrect checksum in table [OEMB] - A0, should be 9B 20090521 tbutils-246"
ACPI Warning: Incorrect checksum in table [OEMB] - A1, should be 94 (20090903/tbutils-314)"
ACPI Warning: Incorrect checksum in table [OEMB] - A3, should be 9E (20090903/tbutils-314)"
ACPI Warning: Incorrect checksum in table [OEMB] - A6, should be A1 (20090903/tbutils-314)"
ACPI Warning: Incorrect checksum in table [OEMB] - A8, should be A0 20090521 tbutils-246"
ACPI Warning: Incorrect checksum in table [OEMB] - A9, should be 9B 20090521 tbutils-246"
ACPI Warning: Incorrect checksum in table [OEMB] - AC, should be A5 20090521 tbutils-246"
ACPI Warning: Incorrect checksum in table [OEMB] - AC, should be A7 20090521 tbutils-246"
ACPI Warning: Incorrect checksum in table [OEMB] - AD, should be A4 20090521 tbutils-246"
ACPI Warning: Incorrect checksum in table [OEMB] - AE, should be A1 20090521 tbutils-246"
ACPI Warning: Incorrect checksum in table [OEMB] - B0, should be AB (20090903/tbutils-314)"
ACPI Warning: Incorrect checksum in table [OEMB] - B1, should be A8 (20090903/tbutils-314)"
ACPI Warning: Incorrect checksum in table [OEMB] - B2, should be A5 (20090903/tbutils-314)"
ACPI Warning: Incorrect checksum in table [OEMB] - B2, should be A9 20090521 tbutils-246"
ACPI Warning: Incorrect checksum in table [OEMB] - B2, should be B1 20090521 tbutils-246"
ACPI Warning: Incorrect checksum in table [OEMB] - B2, should be B1 (20090903/tbutils-314)"
ACPI Warning: Incorrect checksum in table [OEMB] - B3, should be AE (20090903/tbutils-314)"
ACPI Warning: Incorrect checksum in table [OEMB] - B6, should be B3 (20090903/tbutils-314)"
ACPI Warning: Incorrect checksum in table [OEMB] - B7, should be B6 (20090903/tbutils-314)"
ACPI Warning: Incorrect checksum in table [OEMB] - B8, should be B1 20090521 tbutils-246"
ACPI Warning: Incorrect checksum in table [OEMB] - B8, should be B7 20090521 tbutils-246"
ACPI Warning: Incorrect checksum in table [OEMB] - BB, should be AE 20090521 tbutils-246"
ACPI Warning: Incorrect checksum in table [OEMB] - BB, should be AE (20090903/tbutils-314)"
ACPI Warning: Incorrect checksum in table [OEMB] - BC, should be B3 20090521 tbutils-246"
ACPI Warning: Incorrect checksum in table [OEMB] - BF, should be B2 (20090903/tbutils-314)"
ACPI Warning: Incorrect checksum in table [OEMB] - C0, should be B7 20090521 tbutils-246"
ACPI Warning: Incorrect checksum in table [OEMB] - C1, should be C0 20090521 tbutils-246"
ACPI Warning: Incorrect checksum in table [OEMB] - C1, should be C0 (20090903/tbutils-314)"
ACPI Warning: Incorrect checksum in table [OEMB] - C2, should be B9 20090521 tbutils-246"
ACPI Warning: Incorrect checksum in table [OEMB] - C5, should be BC 20090521 tbutils-246"
ACPI Warning: Incorrect checksum in table [OEMB] - C7, should be B8 20090521 tbutils-246"
ACPI Warning: Incorrect checksum in table [OEMB] - C9, should be C8 20090521 tbutils-246"
ACPI Warning: Incorrect checksum in table [OEMB] - CA, should be C9 (20090903/tbutils-314)"
ACPI Warning: Incorrect checksum in table [OEMB] - CB, should be C3 20090521 tbutils-246"
ACPI Warning: Incorrect checksum in table [OEMB] - CB, should be C6 (20090903/tbutils-314)"
ACPI Warning: Incorrect checksum in table [OEMB] - CC, should be BF 20090521 tbutils-246"
ACPI Warning: Incorrect checksum in table [OEMB] - CD, should be C4 20090521 tbutils-246"
ACPI Warning: Incorrect checksum in table [OEMB] - CD, should be CC (20090903/tbutils-314)"
ACPI Warning: Incorrect checksum in table [OEMB] - CE, should be C9 (20090903/tbutils-314)"
ACPI Warning: Incorrect checksum in table [OEMB] - CF, should be A8 20090521 tbutils-246"
ACPI Warning: Incorrect checksum in table [OEMB] - D0, should be C1 20090521 tbutils-246"
ACPI Warning: Incorrect checksum in table [OEMB] - D0, should be CF 20090521 tbutils-246"
ACPI Warning: Incorrect checksum in table [OEMB] - D3, should be C6 (20090903/tbutils-314)"
ACPI Warning: Incorrect checksum in table [OEMB] - D4, should be C7 20090521 tbutils-246"
ACPI Warning: Incorrect checksum in table [OEMB] - D4, should be D0 20090521 tbutils-246"
ACPI Warning: Incorrect checksum in table [OEMB] - D5, should be D4 20090521 tbutils-246"
ACPI Warning: Incorrect checksum in table [OEMB] - D6, should be D5 20090521 tbutils-246"
ACPI Warning: Incorrect checksum in table [OEMB] - D7, should be CE (20090903/tbutils-314)"
ACPI Warning: Incorrect checksum in table [OEMB] - D8, should be AC 20090521 tbutils-246"
ACPI Warning: Incorrect checksum in table [OEMB] - DA, should be D9 20090521 tbutils-246"
ACPI Warning: Incorrect checksum in table [OEMB] - DA, should be D9 (20090903/tbutils-314)"
ACPI Warning: Incorrect checksum in table [OEMB] - DC, should be D7 (20090903/tbutils-314)"
ACPI Warning: Incorrect checksum in table [OEMB] - DD, should be D0 (20090903/tbutils-314)"
ACPI Warning: Incorrect checksum in table [OEMB] - DD, should be D4 20090521 tbutils-246"
ACPI Warning: Incorrect checksum in table [OEMB] - DD, should be D8 20090521 tbutils-246"
ACPI Warning: Incorrect checksum in table [OEMB] - DE, should be D6 20090521 tbutils-246"
ACPI Warning: Incorrect checksum in table [OEMB] - DF, should be 2F (20090903/tbutils-314)"
ACPI Warning: Incorrect checksum in table [OEMB] - E0, should be 30 (20090903/tbutils-314)"
ACPI Warning: Incorrect checksum in table [OEMB] - E0, should be D7 (20090903/tbutils-314)"
ACPI Warning: Incorrect checksum in table [OEMB] - E1, should be D3 (20090903/tbutils-314)"
ACPI Warning: Incorrect checksum in table [OEMB] - E1, should be D8 20090521 tbutils-246"
ACPI Warning: Incorrect checksum in table [OEMB] - E1, should be D8 (20090903/tbutils-314)"
ACPI Warning: Incorrect checksum in table [OEMB] - E4, should be D7 20090521 tbutils-246"
ACPI Warning: Incorrect checksum in table [OEMB] - E4, should be E3 20090521 tbutils-246"
ACPI Warning: Incorrect checksum in table [OEMB] - E6, should be DD 20090521 tbutils-246"
ACPI Warning: Incorrect checksum in table [OEMB] - E7, should be D8 20090521 tbutils-246"
ACPI Warning: Incorrect checksum in table [OEMB] - E8, should be E3 20090521 tbutils-246"
ACPI Warning: Incorrect checksum in table [OEMB] - E8, should be E3 (20090903/tbutils-314)"
ACPI Warning: Incorrect checksum in table [OEMB] - EA, should be DD 20090521 tbutils-246"
ACPI Warning: Incorrect checksum in table [OEMB] - EB, should be DE 20090521 tbutils-246"
ACPI Warning: Incorrect checksum in table [OEMB] - EB, should be E3 20090521 tbutils-246"
ACPI Warning: Incorrect checksum in table [OEMB] - EB, should be EA 20090521 tbutils-246"
ACPI Warning: Incorrect checksum in table [OEMB] - EC, should be E7 (20090903/tbutils-314)"
ACPI Warning: Incorrect checksum in table [OEMB] - ED, should be EC 20090521 tbutils-246"
ACPI Warning: Incorrect checksum in table [OEMB] - EE, should be E9 (20090903/tbutils-314)"
ACPI Warning: Incorrect checksum in table [OEMB] - F0, should be E3 20090521 tbutils-246"
ACPI Warning: Incorrect checksum in table [OEMB] - F1, should be E8 20090521 tbutils-246"
ACPI Warning: Incorrect checksum in table [OEMB] - F6, should be 46 20090521 tbutils-246"
ACPI Warning: Incorrect checksum in table [OEMB] - F6, should be E7 (20090903/tbutils-314)"
ACPI Warning: Incorrect checksum in table [OEMB] - F9, should be 24 20090521 tbutils-246"
ACPI Warning: Incorrect checksum in table [OEMB] - FC, should be ED 20090521 tbutils-246"
ACPI Warning: Incorrect checksum in table [OEMB] - FF, should be FA (20090903/tbutils-314)"
ACPI Warning: Incorrect checksum in table [_RAT] - 00, should be 63 (20090903/tbutils-314)"
ACPI Warning: Incorrect checksum in table [SSDT] - 37, should be C7 20090521 tbutils-246"
ACPI Warning: Incorrect checksum in table [SSDT] - 39, should be 1C 20090521 tbutils-246"
ACPI Warning: Incorrect checksum in table [SSDT] - 46, should be AF 20090521 tbutils-246"
ACPI Warning: Incorrect checksum in table [SSDT] - 49, should be 4D 20090521 tbutils-246"
ACPI Warning: Incorrect checksum in table [SSDT] - 4C, should be 12 (20090903/tbutils-314)"
ACPI Warning: Incorrect checksum in table [SSDT] - 57, should be 18 20090521 tbutils-246"
ACPI Warning: Incorrect checksum in table [SSDT] - 5C, should be 22 20090521 tbutils-246"
ACPI Warning: Incorrect checksum in table [SSDT] - 5C, should be A6 (20090903/tbutils-314)"
ACPI Warning: Incorrect checksum in table [SSDT] - 63, should be A6 20090521 tbutils-246"
ACPI Warning: Incorrect checksum in table [SSDT] - 68, should be E9 20090521 tbutils-246"
ACPI Warning: Incorrect checksum in table [SSDT] - 6D, should be DB (20090903/tbutils-314)"
ACPI Warning: Incorrect checksum in table [SSDT] - 72, should be 79 (20090903/tbutils-314)"
ACPI Warning: Incorrect checksum in table [SSDT] - 7B, should be ED 20090521 tbutils-246"
ACPI Warning: Incorrect checksum in table [SSDT] - 83, should be 7F (20090903/tbutils-314)"
ACPI Warning: Incorrect checksum in table [SSDT] - 83, should be 8F 20090521 tbutils-246"
ACPI Warning: Incorrect checksum in table [SSDT] - 83, should be E1 20090521 tbutils-246"
ACPI Warning: Incorrect checksum in table [SSDT] - 8D, should be 39 (20090903/tbutils-314)"
ACPI Warning: Incorrect checksum in table [SSDT] - A8, should be 37 20090521 tbutils-246"
ACPI Warning: Incorrect checksum in table [SSDT] - AE, should be 74 20090521 tbutils-246"
ACPI Warning: Incorrect checksum in table [SSDT] - B3, should be B2 (20090903/tbutils-314)"
ACPI Warning: Incorrect checksum in table [SSDT] - C5, should be CC 20090521 tbutils-246"
ACPI Warning: Incorrect checksum in table [SSDT] - D9, should be 4D 20090521 tbutils-246"
ACPI Warning: Incorrect checksum in table [SSDT] - E4, should be 73 20090521 tbutils-246"
ACPI Warning: Incorrect checksum in table [SSDT] - EB, should be AC 20090521 tbutils-246"
ACPI Warning: Incorrect checksum in table [SSDT] - F5, should be 51 20090521 tbutils-246"
ACPI Warning: Incorrect checksum in table [SSDT] - F9, should be 3C (20090903/tbutils-314)"
ACPI Warning: Incorrect checksum in table [TAMG] - E0, should be DF (20090903/tbutils-314)"
ACPI Warning: Incorrect checksum in table [TCPA] - 00, should be 7F 20090521 tbutils-246"
ACPI Warning: Incorrect checksum in table [TCPA] - 00, should be 7F (20090903/tbutils-314)"
ACPI Warning: Incorrect checksum in table [TCPA] - 00, should be 87 20090521 tbutils-246"
ACPI Warning: Incorrect checksum in table [TCPA] - 00, should be 87 (20090903/tbutils-314)"
ACPI Warning: Incorrect checksum in table [TCPA] - 00, should be 89 20090521 tbutils-246"
ACPI Warning: Incorrect checksum in table [TCPA] - 00, should be 93 20090521 tbutils-246"
ACPI Warning: Incorrect checksum in table [TCPA] - 00, should be 95 20090521 tbutils-246"
ACPI Warning: Incorrect checksum in table [TCPA] - 00, should be 96 20090521 tbutils-246"
ACPI Warning: Incorrect checksum in table [TCPA] - 00, should be 96 (20090903/tbutils-314)"
ACPI Warning: Incorrect checksum in table [TCPA] - 00, should be A9 20090521 tbutils-246"
ACPI Warning: Incorrect checksum in table [TCPA] - 00, should be AB (20090903/tbutils-314)"
ACPI Warning: Incorrect checksum in table [TCPA] - B6, should be 5A 20090521 tbutils-246"
ACPI Warning: Incorrect checksum in table [TCPA] - B6, should be 5A (20090903/tbutils-314)"
ACPI Warning: Incorrect checksum in table [TCPA] - D3, should be 77 20090521 tbutils-246"
ACPI Warning: Invalid length for Pm1aControlBlock: 32, using default 16 20090521 tbfadt-608"
ACPI Warning: Invalid length for Pm1aControlBlock: 32, using default 16 (20090903/tbfadt-607)"
ACPI Warning: Invalid length for Pm2ControlBlock: 0, using default 8 20090521 tbfadt-608"
ACPI Warning: Invalid length for Pm2ControlBlock: 16, using default 8 20090521 tbfadt-608"
ACPI Warning: Invalid throttling state, reset 20090521 processor_throttling-843"
ACPI Warning (nseval-0168): Insufficient arguments - method [_OSC] needs 5, found 4 [20080926]"
ACPI Warning (nspredef-0252): \_SB_.PCI0._OSC: Parameter count mismatch - ASL declared 5, expected 4 [20080926]"
ACPI Warning (nspredef-0357): \_PR_.CPU1._PSD: Return Package has no elements (empty) [20080926]"
ACPI Warning (nspredef-0357): \_SB_.PCI0.AGP_.SLI_.SLI1.VID1._DOD: Return Package has no elements (empty) [20080926]"
ACPI Warning (nspredef-0357): \_SB_.PCI0.P0P1._PRT: Return Package has no elements (empty) [20080926]"
ACPI Warning (nspredef-0357): \_SB_.PCI0.P2P_._PRT: Return Package has no elements (empty) [20080926]"
ACPI Warning (nspredef-0357): \_SB_.PCI0.PCIB._PRT: Return Package has no elements (empty) [20080926]"
ACPI Warning (nspredef-0357): \_SB_.PCI0.VID2._DOD: Return Package has no elements (empty) [20080926]"
ACPI Warning (nspredef-0437): \_SB_.PCI0.VID2._DOD: Return Package has no elements (empty) [20090320]"
ACPI Warning (nspredef-0852): \_PR_.CPU0._PSS: Return type mismatch - found Integer, expected Package [20080926]"
ACPI Warning (nspredef-0852): \_SB_.PCI0.SATA.PRT0._GTF: Return type mismatch - found Integer, expected Buffer [20080926]"
ACPI Warning (nspredef-0852): \_SB_.PCI0.SATA.PRT1._GTF: Return type mismatch - found Integer, expected Buffer [20080926]"
ACPI Warning (nspredef-0858): \_SB_.BAT1._BIF: Return Package type mismatch at index 12 - found Integer, expected String/Buffer [20080926]"
ACPI Warning (nspredef-0858): \_SB_.BAT1._BST: Return Package type mismatch at index 2 - found [NULL Object Descriptor], expected Integer [20080926]"
ACPI Warning (nspredef-0858): \_SB_.BAT2._BIF: Return Package type mismatch at index 12 - found Integer, expected String/Buffer [20080926]"
ACPI Warning (nspredef-0858): \_TZ_.THRM._PSL: Return Package type mismatch at index 0 - found [NULL Object Descriptor], expected Reference [20080926]"
ACPI Warning (nspredef-0858): \_TZ_.THRM._PSL: Return Package type mismatch at index 0 - found Processor, expected Reference [20080926]"
ACPI Warning (nspredef-0943): \_SB_.PCI0.FNC2.PRT0._GTF: Return type mismatch - found Integer, expected Buffer [20090320]"
ACPI Warning (nspredef-0949): \_SB_.BAT1._BIF: Return Package type mismatch at index 12 - found Integer, expected String/Buffer [20090320]"
ACPI Warning: Optional field Gpe1Block has zero address or length: 000000000000102C/0 20090521 tbfadt-558"
ACPI Warning: Optional field Gpe1Block has zero address or length: 000000000000102C/0 (20090903/tbfadt-557)"
ACPI Warning: Optional field Gpe1Block has zero address or length: 000000000000102C/0 (20100121/tbfadt-557)"
ACPI Warning: Optional field Gpe1Block has zero address or length: 000000000000802C/0 (20090903/tbfadt-557)"
ACPI Warning: Optional field Pm2ControlBlock has zero address or length: 0000000000000000/1 20090521 tbfadt-558"
ACPI Warning: Optional field Pm2ControlBlock has zero address or length: 0000000000000000/1 (20090903/tbfadt-557)"
ACPI Warning: Optional field Pm2ControlBlock has zero address or length: 0000000000000000/1 (20100121/tbfadt-557)"
ACPI Warning: Optional field Pm2ControlBlock has zero address or length: 0000000000000450/0 20090521 tbfadt-558"
ACPI Warning: Optional field Pm2ControlBlock has zero address or length: 0000000000000820/0 20090521 tbfadt-558"
ACPI Warning: Package List length (0x10) larger than NumElements count (0x6), truncated"
ACPI Warning: Package List length (0x10) larger than NumElements count (0x8), truncated"
ACPI Warning: Package List length (0x1) larger than NumElements count (0x0), truncated"
ACPI Warning: Package List length (0x5) larger than NumElements count (0x2), truncated"
ACPI Warning: Package List length (0x5) larger than NumElements count (0x3), truncated"
ACPI Warning: Package List length (0x6) larger than NumElements count (0x2), truncated"
ACPI Warning: Package List length (0x6) larger than NumElements count (0x3), truncated"
ACPI Warning: Package List length (0x7) larger than NumElements count (0x3), truncated"
ACPI Warning: Package List length (0xA8) larger than NumElements count (0x3), truncated"
ACPI Warning: Package List length (0xCA) larger than NumElements count (0x4), truncated"
ACPI Warning: Package List length (0xC) larger than NumElements count (0x4), truncated"
ACPI Warning: Package List length (10A) larger than NumElements count (2), truncated"
ACPI Warning: Package List length (10) larger than NumElements count (6), truncated"
ACPI Warning: Package List length (1) larger than NumElements count (0), truncated"
ACPI Warning: Package List length (6) larger than NumElements count (2), truncated"
ACPI Warning: Package List length (8) larger than NumElements count (5), truncated"
ACPI Warning: Package List length (A8) larger than NumElements count (3), truncated"
ACPI Warning: Package List length (CA) larger than NumElements count (4), truncated"
ACPI Warning: Package List length (C) larger than NumElements count (3), truncated"
ACPI Warning: Package List length (C) larger than NumElements count (4), truncated"
ACPI Warning: Package List length (C) larger than NumElements count (6), truncated"
ACPI Warning: Package List length (EA) larger than NumElements count (3), truncated"
ACPI Warning: \_PR_.CPU0._CST: Return Package is too small - found 4, expected 4 20090521 nspredef-748"
ACPI Warning: \_PR_.CPU0._PSD: Return Package type mismatch at index 0 - found Integer, expected Package 20090521 nspredef-946"
ACPI Warning: \_PR_.CPU0._TSD: Return Package type mismatch at index 0 - found Integer, expected Package 20090521 nspredef-946"
ACPI Warning: \_PR_.CPU1._PSD: Return Package type mismatch at index 0 - found Integer, expected Package 20090521 nspredef-946"
ACPI Warning: \_PR_.CPU1._TSD: Return Package type mismatch at index 0 - found Integer, expected Package 20090521 nspredef-946"
ACPI Warning (processor_throttling-0843): Invalid throttling state, reset [20090320]"
ACPI Warning: \_SB_.BAT1._BIF: Return Package type mismatch at index 12 - found Integer, expected String/Buffer 20090521 nspredef-946"
ACPI Warning: \_SB_.BAT1._BST: Return Package type mismatch at index 2 - found [NULL Object Descriptor], expected Integer 20090521 nspredef-946"
ACPI Warning: \_SB_.PCI0.AGP_.VGA_.LCD_._BQC: Return type mismatch - found Reference, expected Integer 20090521 nspredef-940"
ACPI Warning: \_SB_.PCI0.FNC2.PRT0._GTF: Return type mismatch - found Integer, expected Buffer 20090521 nspredef-940"
ACPI Warning: \_SB_.PCI0.FNC2.PRT1._GTF: Return type mismatch - found Integer, expected Buffer 20090521 nspredef-940"
ACPI Warning: \_SB_.PCI0.FNC2.PRT4._GTF: Return type mismatch - found Integer, expected Buffer 20090521 nspredef-940"
ACPI Warning: \_SB_.PCI0._OSC: Parameter count mismatch - ASL declared 5, ACPI requires 4 20090521 nspredef-328"
ACPI Warning: \_SB_.PCI0.P0P1._PRT: Return Package has no elements (empty) 20090521 nspredef-434"
ACPI Warning: \_SB_.PCI0.P0P2.M86_.LCD_._BCL: Return type mismatch - found Integer, expected Package 20090521 nspredef-940"
ACPI Warning: \_SB_.PCI0.P2P_._PRT: Return Package has no elements (empty) 20090521 nspredef-434"
ACPI Warning: \_SB_.PCI0.PCIB._PRT: Return Package has no elements (empty) 20090521 nspredef-434"
ACPI Warning: \_SB_.PCI0.PEGP.NVGA.MXMI: Excess arguments - needs 1, found 2 20090521 nspredef-287"
ACPI Warning: \_SB_.PCI0.PEGP.NVGA.MXMS: Excess arguments - needs 1, found 2 20090521 nspredef-287"
ACPI Warning: \_SB_.PCI0.SATA.PRT0._GTF: Return type mismatch - found Integer, expected Buffer 20090521 nspredef-940"
ACPI Warning: \_SB_.PCI0.SATA.PRT2._GTF: Return type mismatch - found Integer, expected Buffer 20090521 nspredef-940"
ACPI Warning: \_SB_.PCI0.VID2._DOD: Return Package has no elements (empty) 20090521 nspredef-434"
ACPI Warning (tbfadt-0370): 32/64 FACS address mismatch in FADT - two FACS tables! [20090320]"
ACPI Warning (tbfadt-0442): Optional field "Gpe1Block" has zero address or length: 000000000000102C/0 [20080321]"
ACPI Warning (tbfadt-0442): Optional field "Gpe1Block" has zero address or length: 000000000000102C/0 [20080609]"
ACPI Warning (tbfadt-0442): Optional field "Pm2ControlBlock" has zero address or length: 0000000000000000/1 [20080609]"
ACPI Warning (tbfadt-0460): Optional field "Gpe1Block" has zero address or length: 000000000000102C/0 [20080926]"
ACPI Warning (tbfadt-0460): Optional field "Pm2ControlBlock" has zero address or length: 0000000000000000/1 [20080926]"
ACPI Warning (tbfadt-0460): Optional field "Pm2ControlBlock" has zero address or length: 0000000000000820/0 [20080926]"
ACPI Warning (tbfadt-0488): 32/64X FACS address mismatch in FADT - 3F611E40/000000003F611D40, using 32 [20090320]"
ACPI Warning (tbfadt-0488): 32/64X FACS address mismatch in FADT - 7DB62F40/000000007DB67F40, using 32 [20090320]"
ACPI Warning (tbfadt-0531): 32/64X length mismatch in Gpe1Block: 0/32 [20090320]"
ACPI Warning (tbfadt-0562): Optional field Gpe1Block has zero address or length: 000000000000102C/0 [20090320]"
ACPI Warning (tbutils-0217): Incorrect checksum in table [ASF!] - CD, should be 61 [20080926]"
ACPI Warning (tbutils-0217): Incorrect checksum in table [ASF!] - FC, should be 97 [20080926]"
ACPI Warning (tbutils-0217): Incorrect checksum in table [ATKG] - 16, should be 59 [20080609]"
ACPI Warning (tbutils-0217): Incorrect checksum in table [ATKG] - 6E, should be E5 [20080926]"
ACPI Warning (tbutils-0217): Incorrect checksum in table [ATKG] - 9D, should be 59 [20080926]"
ACPI Warning (tbutils-0217): Incorrect checksum in table [ATKG] - B0, should be 4A [20080926]"
ACPI Warning (tbutils-0217): Incorrect checksum in table [ATKG] - C9, should be EC [20080926]"
ACPI Warning (tbutils-0217): Incorrect checksum in table [ATKG] - D4, should be 59 [20080926]"
ACPI Warning (tbutils-0217): Incorrect checksum in table [OEMB] - 0B, should be 0A [20080926]"
ACPI Warning (tbutils-0217): Incorrect checksum in table [OEMB] - 1B, should be 12 [20080926]"
ACPI Warning (tbutils-0217): Incorrect checksum in table [OEMB] - 26, should be 18 [20080926]"
ACPI Warning (tbutils-0217): Incorrect checksum in table [OEMB] - 35, should be 60 [20080926]"
ACPI Warning (tbutils-0217): Incorrect checksum in table [OEMB] - 38, should be 63 [20080926]"
ACPI Warning (tbutils-0217): Incorrect checksum in table [OEMB] - 58, should be 4F [20080926]"
ACPI Warning (tbutils-0217): Incorrect checksum in table [OEMB] - 5C, should be 4F [20080926]"
ACPI Warning (tbutils-0217): Incorrect checksum in table [OEMB] - 5E, should be 51 [20080609]"
ACPI Warning (tbutils-0217): Incorrect checksum in table [OEMB] - 6B, should be 5E [20080926]"
ACPI Warning (tbutils-0217): Incorrect checksum in table [OEMB] - 6C, should be 62 [20080926]"
ACPI Warning (tbutils-0217): Incorrect checksum in table [OEMB] - 6C, should be 67 [20080609]"
ACPI Warning (tbutils-0217): Incorrect checksum in table [OEMB] - 74, should be 6C [20080926]"
ACPI Warning (tbutils-0217): Incorrect checksum in table [OEMB] - 75, should be A0 [20080926]"
ACPI Warning (tbutils-0217): Incorrect checksum in table [OEMB] - 78, should be B0 [20080926]"
ACPI Warning (tbutils-0217): Incorrect checksum in table [OEMB] - 79, should be A4 [20080926]"
ACPI Warning (tbutils-0217): Incorrect checksum in table [OEMB] - 85, should be 78 [20080321]"
ACPI Warning (tbutils-0217): Incorrect checksum in table [OEMB] - 8D, should be 7F [20080926]"
ACPI Warning (tbutils-0217): Incorrect checksum in table [OEMB] - 9A, should be 91 [20080926]"
ACPI Warning (tbutils-0217): Incorrect checksum in table [OEMB] - A2, should be 99 [20080926]"
ACPI Warning (tbutils-0217): Incorrect checksum in table [OEMB] - A8, should be 9B [20080926]"
ACPI Warning (tbutils-0217): Incorrect checksum in table [OEMB] - AF, should be 81 [20080926]"
ACPI Warning (tbutils-0217): Incorrect checksum in table [OEMB] - B1, should be A4 [20080926]"
ACPI Warning (tbutils-0217): Incorrect checksum in table [OEMB] - B2, should be A5 [20080926]"
ACPI Warning (tbutils-0217): Incorrect checksum in table [OEMB] - B2, should be AA [20080926]"
ACPI Warning (tbutils-0217): Incorrect checksum in table [OEMB] - C0, should be BB [20080926]"
ACPI Warning (tbutils-0217): Incorrect checksum in table [OEMB] - C6, should be BD [20080926]"
ACPI Warning (tbutils-0217): Incorrect checksum in table [OEMB] - CC, should be BF [20080926]"
ACPI Warning (tbutils-0217): Incorrect checksum in table [OEMB] - CC, should be FD [20080926]"
ACPI Warning (tbutils-0217): Incorrect checksum in table [OEMB] - CF, should be C6 [20080926]"
ACPI Warning (tbutils-0217): Incorrect checksum in table [OEMB] - DD, should be D4 [20080926]"
ACPI Warning (tbutils-0217): Incorrect checksum in table [OEMB] - DE, should be D3 [20080926]"
ACPI Warning (tbutils-0217): Incorrect checksum in table [OEMB] - E0, should be DD [20080926]"
ACPI Warning (tbutils-0217): Incorrect checksum in table [OEMB] - E2, should be D5 [20080926]"
ACPI Warning (tbutils-0217): Incorrect checksum in table [OEMB] - E4, should be D7 [20080926]"
ACPI Warning (tbutils-0217): Incorrect checksum in table [OEMB] - E4, should be DB [20080609]"
ACPI Warning (tbutils-0217): Incorrect checksum in table [OEMB] - EC, should be E3 [20080926]"
ACPI Warning (tbutils-0217): Incorrect checksum in table [OEMB] - EE, should be E1 [20080926]"
ACPI Warning (tbutils-0217): Incorrect checksum in table [OEMB] - F1, should be E4 [20080926]"
ACPI Warning (tbutils-0217): Incorrect checksum in table [OEMB] - F3, should be EE [20080926]"
ACPI Warning (tbutils-0217): Incorrect checksum in table [OEMB] - F6, should be E9 [20080609]"
ACPI Warning (tbutils-0217): Incorrect checksum in table [OEMB] - F6, should be F5 [20080926]"
ACPI Warning (tbutils-0217): Incorrect checksum in table [OEMB] - FA, should be ED [20080926]"
ACPI Warning (tbutils-0217): Incorrect checksum in table [OEMB] - FB, should be FA [20080926]"
ACPI Warning (tbutils-0217): Incorrect checksum in table [SSDT] - 48, should be 0E [20080926]"
ACPI Warning (tbutils-0217): Incorrect checksum in table [SSDT] - 64, should be 2A [20080926]"
ACPI Warning (tbutils-0217): Incorrect checksum in table [SSDT] - 83, should be 7B [20080926]"
ACPI Warning (tbutils-0217): Incorrect checksum in table [SSDT] - 83, should be 97 [20080926]"
ACPI Warning (tbutils-0217): Incorrect checksum in table [SSDT] - 9E, should be 4A [20080926]"
ACPI Warning (tbutils-0217): Incorrect checksum in table [TCPA] - 00, should be 87 [20080926]"
ACPI Warning (tbutils-0217): Incorrect checksum in table [TCPA] - 00, should be 9A [20080926]"
ACPI Warning (tbutils-0217): Incorrect checksum in table [TCPA] - 00, should be A5 [20080926]"
ACPI Warning (tbutils-0217): Incorrect checksum in table [TCPA] - 00, should be A9 [20080926]"
ACPI Warning (tbutils-0246): Incorrect checksum in table [OEMB] - 35, should be 60 [20090320]"
ACPI Warning (tbutils-0246): Incorrect checksum in table [OEMB] - 96, should be 95 [20090320]"
ACPI Warning: \_TZ_.THRM._AL0: Return Package type mismatch at index 0 - found [NULL Object Descriptor], expected Reference 20090521 nspredef-946"
ACPI Warning: \_TZ_.THRM._PSL: Return Package type mismatch at index 0 - found [NULL Object Descriptor], expected Reference 20090521 nspredef-946"
ACPI Warning: \_TZ_.THRM._PSL: Return Package type mismatch at index 0 - found Processor, expected Reference 20090521 nspredef-946"
ACPI Warning: \_TZ_.THRM._TZD: Return Package type mismatch at index 0 - found Processor, expected Reference 20090521 nspredef-946"
ACPI Warning: \_TZ_.TZ00._PSL: Return Package type mismatch at index 0 - found Processor, expected Reference 20090521 nspredef-946"
CPU0: Temperature above threshold, cpu clock throttled (total events = 1)"
Disabling IRQ #10"
Disabling IRQ #11"
Disabling IRQ #16"
Disabling IRQ #18"
Disabling IRQ #19"
Disabling IRQ #20"
Disabling IRQ #21"
Disabling IRQ #5"
Disabling IRQ #9"
[Firmware Bug]: ACPI: ACPI brightness control misses _BQC function"
[Firmware Bug]: ACPI(EVGA) defines _DOD but not _DOS"
[Firmware Bug]: ACPI(IGPU) defines _DOD but not _DOS"
[Firmware Bug]: ACPI: Invalid BIOS _PSS frequency: 0x0 MHz"
[Firmware Bug]: ACPI(NGFX) defines _DOD but not _DOS"
[Firmware Bug]: ACPI(NVGA) defines _DOD but not _DOS"
[Firmware Bug]: ACPI(PEGP) defines _DOD but not _DOS"
[Firmware Bug]: ACPI(VGA0) defines _DOD but not _DOS"
[Firmware Bug]: ACPI(VGA) defines _DOD but not _DOS"
[Firmware Bug]: ACPI(XVS0) defines _DOD but not _DOS"
[Firmware Bug]: ACPI(Z00P) defines _DOD but not _DOS"
[Firmware Bug]: ACPI(Z01I) defines _DOD but not _DOS"
[Firmware Bug]: _BCQ is used instead of _BQC"
[Firmware Bug]: BIOS needs update for CPU frequency support"
[Firmware Bug]: Invalid critical threshold (0)"
[Firmware Bug]: powernow-k8: No compatible ACPI _PSS objects found."
[Firmware Bug]: powernow-k8: No PSB or ACPI _PSS objects"
[Firmware Bug]: powernow-k8: Try again with latest BIOS."
[Firmware Bug]: powernow-k8: Your BIOS does not provide ACPI _PSS objects in a way that Linux understands. Please report this to the Linux ACPI maintainers and complain to your BIOS vendor."
