ACPI Error: 32/64X address mismatch in Gpe0Block: 00008018/0000000000008028, using 32 (20090903/tbfadt-427)"
ACPI Error: 32/64X address mismatch in Pm2ControlBlock: 00008030/0000000000008020, using 32 (20090903/tbfadt-427)"
ACPI Error: ACPI path has too many parent prefixes (^) - reached beyond root node (20090903/nsaccess-429)"
ACPI Error: A valid RSDP was not found 20090521 tbxfroot-219"
ACPI Error: Cannot release Mutex [MUT0], not acquired (20090903/exmutex-374)"
ACPI Error: Could not disable RealTimeClock events 20090521 evxfevnt-373"
ACPI Error: Could not enable PowerButton event (20090903/evxfevnt-193)"
ACPI Error: Could not enable SleepButton event (20090903/evxfevnt-193)"
ACPI Error: Current brightness invalid 20090521 video-538"
ACPI Error (dsfield-0143): [CAPD] Namespace lookup failure, AE_ALREADY_EXISTS"
ACPI Error (dsobject-0501): Package List length (5) larger than NumElements count (3), truncated"
ACPI Error (dsopcode-0595): Field [I9MN] at 544 exceeds Buffer [IORT] size 464 (bits) [20080926]"
ACPI Error (dswload-0674): [\___p] Namespace lookup failure, AE_NOT_FOUND"
ACPI Error (dswload-0790): [_T_0] Namespace lookup failure, AE_ALREADY_EXISTS"
ACPI Error (dswstate-0097): Result stack is empty! State=ffff8800378ba400 [20080926]"
ACPI Error (dswstate-0097): Result stack is empty! State=ffff8800378ba800 [20080926]"
ACPI Error: Evaluating _BCM failed 20090521 video-526"
ACPI Error (evregion-0315): No handler for Region [ERAM] (ffff88013f819ee8) [EmbeddedControl] [20080926]"
ACPI Error (evxfevnt-0193): Could not enable SleepButton event [20090320]"
ACPI Error (evxfevnt-0366): Could not disable RealTimeClock events [20080926]"
ACPI Error (exfldio-0291): Region EmbeddedControl(3) has no handler [20080926]"
ACPI Error: Field [ASSM] at 524320 exceeds Buffer [BUF0] size 880 (bits) (20090903/dsopcode-596)"
ACPI Error: Field [I9MN] at 544 exceeds Buffer [IORT] size 464 (bits) (20090903/dsopcode-596)"
ACPI Error: Illegal I/O port address/length above 64K: 0x0000000000400020/4 20090521 hwvalid-154"
ACPI Error: Incorrect return type [Integer] requested [Package] 20090521 nsxfeval-134"
ACPI Error: Needed [Buffer/String/Package], found [Integer] f7257c08 (20090903/exresop-590)"
ACPI Error: Needed type [Reference], found [Device] ffff88014b82d800 (20090903/exresop-104)"
ACPI Error: No handler for Region [ECF2] (ffff88013ba313a8) [EmbeddedControl] (20090903/evregion-319)"
ACPI Error (nsaccess-0434): ACPI path has too many parent prefixes (^) - reached beyond root node [20080926]"
ACPI Error (nspredef-0163): \_SB_.PCI0.FNC2.PRT0._GTF: Missing expected return value [20080926]"
ACPI Error (psargs-0359): [\_PR_.CPU0._PPC] Namespace lookup failure, AE_NOT_FOUND"
ACPI Error (psargs-0359): [Z012] Namespace lookup failure, AE_NOT_FOUND"
ACPI Error (psloop-0136): Found unknown opcode 26 at AML address ffff88003785663a offset 56, ignoring [20080926]"
ACPI Error (psparse-0524): Method parse/execution failed [\_PR_.CPU0._PSS] (Node ffff88007f26eee0), AE_AML_NO_RETURN_VALUE"
ACPI Error (psparse-0524): Method parse/execution failed [\_PR_.CPU1._PDC] (Node f6c10180), AE_ALREADY_EXISTS"
ACPI Error (psparse-0524): Method parse/execution failed [\_PR_.CPU1._PDC] (Node f6c11150), AE_INVALID_TABLE_LENGTH"
ACPI Error (psparse-0524): Method parse/execution failed [\_PR_.CPU1._PDC] (Node ffff88022f819f00), AE_ALREADY_EXISTS"
ACPI Error (psparse-0524): Method parse/execution failed [\_PR_.CPU1._PSS] (Node ffff88007f26efa0), AE_AML_NO_RETURN_VALUE"
ACPI Error (psparse-0524): Method parse/execution failed [\_SB_.MEM_._CRS] (Node f6c1b0a8), AE_AML_BUFFER_LIMIT"
ACPI Error (psparse-0524): Method parse/execution failed [\_SB_.PCI0._INI] (Node db02d630), AE_NOT_FOUND"
ACPI Error (psparse-0524): Method parse/execution failed [\_SB_.PCI0.LPCB.EC0_._REG] (Node ffff88013f81a260), AE_NOT_EXIST"
ACPI Error (psparse-0537): Method parse/execution failed [\_GPE._L09] (Node ffff88003b5a7520), AE_LIMIT"
ACPI Error (psparse-0537): Method parse/execution failed [\_SB_.PCI0.CBST] (Node f7015000), AE_TIME"
ACPI Error (psparse-0537): Method parse/execution failed [\_SB_.PCI0.GFX0.DD02.GBQC] (Node f7017a68), AE_AML_OPERAND_TYPE"
ACPI Error (psparse-0537): Method parse/execution failed [\_SB_.PCI0._OSC] (Node f7016d98), AE_AML_OPERAND_TYPE"
ACPI Error (psparse-0537): Method parse/execution failed [\_SB_.PCI0.PEGP.EVGA.LCD_._BCM] (Node ffff8800bc647c80), AE_AML_PACKAGE_LIMIT"
ACPI Error (psparse-0537): Method parse/execution failed [\_SB_.PCI0.PIB_.EXFG] (Node f7015768), AE_AML_MUTEX_NOT_ACQUIRED"
ACPI Error (psparse-0537): Method parse/execution failed [\_SB_.PCI0.PIB_.FIR_._STA] (Node f7015900), AE_AML_MUTEX_NOT_ACQUIRED"
ACPI Error (psparse-0537): Method parse/execution failed [\_TZ_.C2E8] (Node f701b108), AE_AML_PACKAGE_LIMIT"
ACPI Error (psparse-0537): Method parse/execution failed [\_TZ_.TZ2_._TMP] (Node f701b7c8), AE_AML_PACKAGE_LIMIT"
ACPI Error: Region EmbeddedControl(3) has no handler (20090903/exfldio-295)"
ACPI Error: Region PCI_Config(2) has no handler (20090903/exfldio-295)"
ACPI Error: SMBus or IPMI write requires Buffer of length 42, found length 20 (20090903/exfield-286)"
ACPI Error (uteval-0232): Method execution failed [\_SB_.MEM_._CRS] (Node f6c1b0a8), AE_AML_BUFFER_LIMIT"
ACPI Error (uteval-0232): Method execution failed [\_SB_.PCI0.LPC0.PMIO._CRS] (Node f6c15900), AE_AML_BUFFER_LIMIT"
ACPI Error (uteval-0232): Method execution failed [\_SB_.PCI0.LPC0.PMIO._CRS] (Node ffff880135a32980), AE_AML_BUFFER_LIMIT"
ACPI Error (uteval-0256): Method execution failed [\_SB_.MEM_._CRS] (Node f7017f60), AE_AML_BUFFER_LIMIT"
ACPI Warning: 32/64 FACS address mismatch in FADT - two FACS tables! (20100121/tbfadt-369)"
ACPI Warning: 32/64X FACS address mismatch in FADT - DF647F40/00000000DF64AD40, using 32 20090521 tbfadt-487"
ACPI Warning: 32/64X length mismatch in Gpe1Block: 0/32 (20100121/tbfadt-526)"
ACPI Warning: _BQC returned an invalid level (20100121/video-638)"
ACPI Warning: Could not enable fixed event 3 (20090903/evxface-146)"
ACPI Warning: Detected an unsupported executable opcode at module-level: [0x007B] at table offset 0x0080 (20090903/psloop-522)"
ACPI Warning (dsobject-0502): Package List length (C) larger than NumElements count (3), truncated"
ACPI Warning: Evaluating _BQC failed (20090903/video-641)"
ACPI Warning (evxface-0146): Could not enable fixed event 3 [20090320]"
ACPI Warning for \_PR_.CPU0._PSD:  [<ffffffff81309011>] lapic_timer_state_broadcast+0x46/0x48"
ACPI Warning for \_SB_.BAT0._BIF: Return Package type mismatch at index 9 - found [NULL Object Descriptor], expected String/Buffer (20090903/nspredef-1012)"
ACPI Warning for \_SB_.BAT1._BIF: Return Package type mismatch at index 12 - found Integer, expected String/Buffer (20090903/nspredef-1012)"
ACPI Warning for \_SB_.PCI0.BAT0._BIF: Converted Buffer to expected String at index 9 (20090903/nsrepair-132)"
ACPI Warning for \_SB_.PCI0.IDE1.PRT0._GTF: Return type mismatch - found Integer, expected Buffer (20090903/nspredef-1006)"
ACPI Warning for \_SB_.PCI0.LPC_.EC__.BAT0._BIF: Converted Buffer to expected String at index 9 (20090903/nsrepair-132)"
ACPI Warning for \_SB_.PCI0._OSC: Parameter count mismatch - ASL declared 5, ACPI requires 4 (20100121/nspredef-352)"
ACPI Warning for \_SB_.PCI0._OSC: Return type mismatch - found Integer, expected Buffer (20090903/nspredef-1006)"
ACPI Warning for \_SB_.PCI0.PCIB._PRT: Return Package has no elements (empty) (20090903/nspredef-433)"
ACPI Warning for \_SB_.PCI0._PRT: Return Package type mismatch at index 2 - found [NULL Object Descriptor], expected Integer/Reference (20090903/nspredef-1012)"
ACPI Warning for \_SB_.PCI0.SATA.PRT1._GTF: Return type mismatch - found Integer, expected Buffer (20090903/nspredef-1006)"
ACPI Warning for \_SB_.PCI0.VID2._DOD: Return Package has no elements (empty) (20090903/nspredef-433)"
ACPI Warning for \_TZ_.THRM._PSL: Return Package type mismatch at index 0 - found [NULL Object Descriptor], expected Reference (20100121/nspredef-1059)"
ACPI Warning for \_TZ_.THRM._PSL: Return Package type mismatch at index 0 - found Processor, expected Reference (20090903/nspredef-1012)"
ACPI Warning for \_TZ_.TZ01._PSV: Return type mismatch - found Package, expected Integer (20090903/nspredef-1006)"
ACPI Warning: Incorrect checksum in table [SSDT] - AE, should be 74 20090521 tbutils-246"
ACPI Warning: Invalid length for Pm2ControlBlock: 16, using default 8 20090521 tbfadt-608"
ACPI Warning: Invalid throttling state, reset 20090521 processor_throttling-843"
ACPI Warning (nseval-0168): Insufficient arguments - method [_OSC] needs 5, found 4 [20080926]"
ACPI Warning (nspredef-0252): \_SB_.PCI0._OSC: Parameter count mismatch - ASL declared 5, expected 4 [20080926]"
ACPI Warning (nspredef-0357): \_PR_.CPU1._PSD: Return Package has no elements (empty) [20080926]"
ACPI Warning (nspredef-0357): \_SB_.PCI0.AGP_.SLI_.SLI1.VID1._DOD: Return Package has no elements (empty) [20080926]"
ACPI Warning (nspredef-0437): \_SB_.PCI0.VID2._DOD: Return Package has no elements (empty) [20090320]"
ACPI Warning (nspredef-0852): \_PR_.CPU0._PSS: Return type mismatch - found Integer, expected Package [20080926]"
ACPI Warning (nspredef-0852): \_SB_.PCI0.SATA.PRT1._GTF: Return type mismatch - found Integer, expected Buffer [20080926]"
ACPI Warning (nspredef-0858): \_TZ_.THRM._PSL: Return Package type mismatch at index 0 - found Processor, expected Reference [20080926]"
ACPI Warning (nspredef-0943): \_SB_.PCI0.FNC2.PRT0._GTF: Return type mismatch - found Integer, expected Buffer [20090320]"
ACPI Warning (nspredef-0949): \_SB_.BAT1._BIF: Return Package type mismatch at index 12 - found Integer, expected String/Buffer [20090320]"
ACPI Warning: Optional field Gpe1Block has zero address or length: 000000000000802C/0 (20090903/tbfadt-557)"
ACPI Warning: Optional field Pm2ControlBlock has zero address or length: 0000000000000820/0 20090521 tbfadt-558"
ACPI Warning: Package List length (0x10) larger than NumElements count (0x6), truncated"
ACPI Warning: Package List length (EA) larger than NumElements count (3), truncated"
ACPI Warning: \_PR_.CPU0._CST: Return Package is too small - found 4, expected 4 20090521 nspredef-748"
ACPI Warning: \_PR_.CPU0._PSD: Return Package type mismatch at index 0 - found Integer, expected Package 20090521 nspredef-946"
ACPI Warning (processor_throttling-0843): Invalid throttling state, reset [20090320]"
ACPI Warning: \_SB_.PCI0.FNC2.PRT4._GTF: Return type mismatch - found Integer, expected Buffer 20090521 nspredef-940"
ACPI Warning: \_SB_.PCI0.PEGP.NVGA.MXMI: Excess arguments - needs 1, found 2 20090521 nspredef-287"
ACPI Warning: \_SB_.PCI0.VID2._DOD: Return Package has no elements (empty) 20090521 nspredef-434"
ACPI Warning (tbutils-0246): Incorrect checksum in table [OEMB] - 96, should be 95 [20090320]"
ACPI Warning: \_TZ_.THRM._PSL: Return Package type mismatch at index 0 - found [NULL Object Descriptor], expected Reference 20090521 nspredef-946"
ACPI Warning: \_TZ_.TZ00._PSL: Return Package type mismatch at index 0 - found Processor, expected Reference 20090521 nspredef-946"
CPU0: Temperature above threshold, cpu clock throttled (total events = 1)"
Disabling IRQ #10"
Disabling IRQ #9"
[Firmware Bug]: ACPI: ACPI brightness control misses _BQC function"
[Firmware Bug]: ACPI(IGPU) defines _DOD but not _DOS"
[Firmware Bug]: ACPI: Invalid BIOS _PSS frequency: 0x0 MHz"
[Firmware Bug]: ACPI(Z01I) defines _DOD but not _DOS"
[Firmware Bug]: _BCQ is used instead of _BQC"
[Firmware Bug]: BIOS needs update for CPU frequency support"
[Firmware Bug]: Invalid critical threshold (0)"
[Firmware Bug]: powernow-k8: No compatible ACPI _PSS objects found."
[Firmware Bug]: powernow-k8: No PSB or ACPI _PSS objects"
[Firmware Bug]: powernow-k8: Try again with latest BIOS."
[Firmware Bug]: powernow-k8: Your BIOS does not provide ACPI _PSS objects in a way that Linux understands. Please report this to the Linux ACPI maintainers and complain to your BIOS vendor."
